<?xml version="1.0" encoding="UTF-8"?>
<!-- Generated by org.testng.reporters.JUnitXMLReporter -->
<testsuite hostname="DESKTOP-C6SQIIN" ignored="12" name="Surefire test" tests="18" failures="0" timestamp="16 Aug 2022 20:31:23 GMT" time="1.283" errors="0">
  <testcase name="@BeforeTest setBrowser" time="0.0" classname="tests.TestBase">
    <failure type="org.testng.TestNGException" message="
Parameter &amp;apos;browser&amp;apos; is required by BeforeTest on method setBrowser but has not been marked @Optional or defined
">
      <![CDATA[org.testng.TestNGException: 
Parameter 'browser' is required by BeforeTest on method setBrowser but has not been marked @Optional or defined

at org.apache.maven.plugin.surefire.InPluginVMSurefireStarter.runSuitesInProcess(InPluginVMSurefireStarter.java:87)
at org.apache.maven.plugin.surefire.AbstractSurefireMojo.executeProvider(AbstractSurefireMojo.java:1144)
at org.apache.maven.plugin.surefire.AbstractSurefireMojo.executeAfterPreconditionsChecked(AbstractSurefireMojo.java:1002)
at org.apache.maven.plugin.surefire.AbstractSurefireMojo.execute(AbstractSurefireMojo.java:848)
at org.apache.maven.plugin.DefaultBuildPluginManager.executeMojo(DefaultBuildPluginManager.java:137)
at org.apache.maven.lifecycle.internal.MojoExecutor.execute(MojoExecutor.java:210)
at org.apache.maven.lifecycle.internal.MojoExecutor.execute(MojoExecutor.java:156)
at org.apache.maven.lifecycle.internal.MojoExecutor.execute(MojoExecutor.java:148)
at org.apache.maven.lifecycle.internal.LifecycleModuleBuilder.buildProject(LifecycleModuleBuilder.java:117)
at org.apache.maven.lifecycle.internal.LifecycleModuleBuilder.buildProject(LifecycleModuleBuilder.java:81)
at org.apache.maven.lifecycle.internal.builder.singlethreaded.SingleThreadedBuilder.build(SingleThreadedBuilder.java:56)
at org.apache.maven.lifecycle.internal.LifecycleStarter.execute(LifecycleStarter.java:128)
at org.apache.maven.DefaultMaven.doExecute(DefaultMaven.java:305)
at org.apache.maven.DefaultMaven.doExecute(DefaultMaven.java:192)
at org.apache.maven.DefaultMaven.execute(DefaultMaven.java:105)
at org.apache.maven.cli.MavenCli.execute(MavenCli.java:957)
at org.apache.maven.cli.MavenCli.doMain(MavenCli.java:289)
at org.apache.maven.cli.MavenCli.main(MavenCli.java:193)
at org.codehaus.plexus.classworlds.launcher.Launcher.launchEnhanced(Launcher.java:282)
at org.codehaus.plexus.classworlds.launcher.Launcher.launch(Launcher.java:225)
at org.codehaus.plexus.classworlds.launcher.Launcher.mainWithExitCode(Launcher.java:406)
at org.codehaus.plexus.classworlds.launcher.Launcher.main(Launcher.java:347)
... Removed 33 stack frames]]>
    </failure>
  </testcase> <!-- @BeforeTest setBrowser -->
  <testcase name="@BeforeClass setUp" time="0.0" classname="tests.DSIntroductionPageTest">
    <skipped/>
  </testcase> <!-- @BeforeClass setUp -->
  <testcase name="@AfterMethod tearDown" time="0.0" classname="tests.TestBase">
    <skipped/>
  </testcase> <!-- @AfterMethod tearDown -->
  <testcase name="@BeforeClass setUp" time="0.0" classname="tests.TreePageTest">
    <skipped/>
  </testcase> <!-- @BeforeClass setUp -->
  <testcase name="@AfterMethod tearDown" time="0.0" classname="tests.TestBase">
    <skipped/>
  </testcase> <!-- @AfterMethod tearDown -->
  <testcase name="@BeforeClass setUp" time="0.0" classname="tests.GraphPageTest">
    <skipped/>
  </testcase> <!-- @BeforeClass setUp -->
  <testcase name="@AfterMethod tearDown" time="0.0" classname="tests.TestBase">
    <skipped/>
  </testcase> <!-- @AfterMethod tearDown -->
  <testcase name="@BeforeClass setUp" time="0.0" classname="tests.HomePageTest">
    <skipped/>
  </testcase> <!-- @BeforeClass setUp -->
  <testcase name="@AfterMethod tearDown" time="0.0" classname="tests.TestBase">
    <skipped/>
  </testcase> <!-- @AfterMethod tearDown -->
  <testcase name="@BeforeClass setUp" time="0.0" classname="tests.RegisterPageTest">
    <skipped/>
  </testcase> <!-- @BeforeClass setUp -->
  <testcase name="@AfterMethod tearDown" time="0.0" classname="tests.TestBase">
    <skipped/>
  </testcase> <!-- @AfterMethod tearDown -->
  <testcase name="@AfterMethod tearDown" time="0.0" classname="tests.TestBase">
    <skipped/>
  </testcase> <!-- @AfterMethod tearDown -->
  <testcase name="@AfterMethod tearDown" time="0.0" classname="tests.TestBase">
    <skipped/>
  </testcase> <!-- @AfterMethod tearDown -->
  <testcase name="@AfterMethod tearDown" time="0.0" classname="tests.TestBase">
    <skipped/>
  </testcase> <!-- @AfterMethod tearDown -->
  <testcase name="@AfterMethod tearDown" time="0.0" classname="tests.TestBase">
    <skipped/>
  </testcase> <!-- @AfterMethod tearDown -->
  <testcase name="@AfterMethod tearDown" time="0.0" classname="tests.TestBase">
    <skipped/>
  </testcase> <!-- @AfterMethod tearDown -->
  <testcase name="@AfterMethod tearDown" time="0.0" classname="tests.TestBase">
    <skipped/>
  </testcase> <!-- @AfterMethod tearDown -->
  <testcase name="@AfterMethod tearDown" time="0.0" classname="tests.TestBase">
    <skipped/>
  </testcase> <!-- @AfterMethod tearDown -->
  <testcase name="@BeforeClass setUp" time="0.0" classname="tests.SignInPageTest">
    <skipped/>
  </testcase> <!-- @BeforeClass setUp -->
  <testcase name="@AfterMethod tearDown" time="0.0" classname="tests.TestBase">
    <skipped/>
  </testcase> <!-- @AfterMethod tearDown -->
  <testcase name="@AfterMethod tearDown" time="0.0" classname="tests.TestBase">
    <skipped/>
  </testcase> <!-- @AfterMethod tearDown -->
  <testcase name="@AfterMethod tearDown" time="0.0" classname="tests.TestBase">
    <skipped/>
  </testcase> <!-- @AfterMethod tearDown -->
  <testcase name="@AfterMethod tearDown" time="0.0" classname="tests.TestBase">
    <skipped/>
  </testcase> <!-- @AfterMethod tearDown -->
  <testcase name="@AfterMethod tearDown" time="0.0" classname="tests.TestBase">
    <skipped/>
  </testcase> <!-- @AfterMethod tearDown -->
  <testcase name="@AfterMethod tearDown" time="0.0" classname="tests.TestBase">
    <skipped/>
  </testcase> <!-- @AfterMethod tearDown -->
  <testcase name="validUserShouldBeAbletoLandInDSIntroductionPage" time="0.0" classname="tests.DSIntroductionPageTest">
    <skipped/>
  </testcase> <!-- validUserShouldBeAbletoLandInDSIntroductionPage -->
  <testcase name="validUserShouldBeAbletoLandInTreePage" time="0.0" classname="tests.TreePageTest">
    <skipped/>
  </testcase> <!-- validUserShouldBeAbletoLandInTreePage -->
  <testcase name="validUserShouldBeAbletoLandInGraphPage" time="0.0" classname="tests.GraphPageTest">
    <skipped/>
  </testcase> <!-- validUserShouldBeAbletoLandInGraphPage -->
  <testcase name="UserShouldBeAbleToOpenDSPortalPage" time="0.0" classname="tests.HomePageTest">
    <skipped/>
  </testcase> <!-- UserShouldBeAbleToOpenDSPortalPage -->
  <testcase name="UserShouldNotBeAbleToRegisterWithInvalidData" time="0.0" classname="tests.RegisterPageTest">
    <skipped/>
  </testcase> <!-- UserShouldNotBeAbleToRegisterWithInvalidData -->
  <testcase name="UserShouldNotBeAbleToRegisterWithInvalidData" time="0.0" classname="tests.RegisterPageTest">
    <skipped/>
  </testcase> <!-- UserShouldNotBeAbleToRegisterWithInvalidData -->
  <testcase name="UserShouldNotBeAbleToRegisterWithInvalidData" time="0.0" classname="tests.RegisterPageTest">
    <skipped/>
  </testcase> <!-- UserShouldNotBeAbleToRegisterWithInvalidData -->
  <testcase name="UserShouldNotBeAbleToRegisterWithInvalidData" time="0.0" classname="tests.RegisterPageTest">
    <skipped/>
  </testcase> <!-- UserShouldNotBeAbleToRegisterWithInvalidData -->
  <testcase name="UserShouldNotBeAbleToRegisterWithInvalidData" time="0.0" classname="tests.RegisterPageTest">
    <skipped/>
  </testcase> <!-- UserShouldNotBeAbleToRegisterWithInvalidData -->
  <testcase name="UserShouldNotBeAbleToRegisterWithInvalidData" time="0.0" classname="tests.RegisterPageTest">
    <skipped/>
  </testcase> <!-- UserShouldNotBeAbleToRegisterWithInvalidData -->
  <testcase name="UserShouldNotBeAbleToRegisterWithInvalidData" time="0.0" classname="tests.RegisterPageTest">
    <skipped/>
  </testcase> <!-- UserShouldNotBeAbleToRegisterWithInvalidData -->
  <testcase name="UserShouldNotBeAbleToRegisterWithInvalidData" time="0.0" classname="tests.RegisterPageTest">
    <skipped/>
  </testcase> <!-- UserShouldNotBeAbleToRegisterWithInvalidData -->
  <testcase name="UserShouldNotBeAbleToLoginWithInvalidLoginCredentials" time="0.0" classname="tests.SignInPageTest">
    <skipped/>
  </testcase> <!-- UserShouldNotBeAbleToLoginWithInvalidLoginCredentials -->
  <testcase name="UserShouldNotBeAbleToLoginWithInvalidLoginCredentials" time="0.0" classname="tests.SignInPageTest">
    <skipped/>
  </testcase> <!-- UserShouldNotBeAbleToLoginWithInvalidLoginCredentials -->
  <testcase name="UserShouldNotBeAbleToLoginWithInvalidLoginCredentials" time="0.0" classname="tests.SignInPageTest">
    <skipped/>
  </testcase> <!-- UserShouldNotBeAbleToLoginWithInvalidLoginCredentials -->
  <testcase name="UserShouldNotBeAbleToLoginWithInvalidLoginCredentials" time="0.0" classname="tests.SignInPageTest">
    <skipped/>
  </testcase> <!-- UserShouldNotBeAbleToLoginWithInvalidLoginCredentials -->
  <testcase name="UserShouldNotBeAbleToLoginWithInvalidLoginCredentials" time="0.0" classname="tests.SignInPageTest">
    <skipped/>
  </testcase> <!-- UserShouldNotBeAbleToLoginWithInvalidLoginCredentials -->
  <testcase name="UserShouldNotBeAbleToLoginWithInvalidLoginCredentials" time="0.0" classname="tests.SignInPageTest">
    <skipped/>
  </testcase> <!-- UserShouldNotBeAbleToLoginWithInvalidLoginCredentials -->
  <testcase name="@BeforeSuite setExtent" time="0.0" classname="tests.TestBase">
    <ignored/>
  </testcase> <!-- @BeforeSuite setExtent -->
  <testcase name="@BeforeSuite setExtent" time="0.0" classname="tests.TestBase">
    <ignored/>
  </testcase> <!-- @BeforeSuite setExtent -->
  <testcase name="@BeforeSuite setExtent" time="0.0" classname="tests.TestBase">
    <ignored/>
  </testcase> <!-- @BeforeSuite setExtent -->
  <testcase name="@BeforeSuite setExtent" time="0.0" classname="tests.TestBase">
    <ignored/>
  </testcase> <!-- @BeforeSuite setExtent -->
  <testcase name="@BeforeSuite setExtent" time="0.0" classname="tests.TestBase">
    <ignored/>
  </testcase> <!-- @BeforeSuite setExtent -->
  <testcase name="@BeforeSuite setExtent" time="0.0" classname="tests.TestBase">
    <ignored/>
  </testcase> <!-- @BeforeSuite setExtent -->
  <testcase name="@BeforeTest setBrowser" time="0.0" classname="tests.TestBase">
    <ignored/>
  </testcase> <!-- @BeforeTest setBrowser -->
  <testcase name="@BeforeTest setBrowser" time="0.0" classname="tests.TestBase">
    <ignored/>
  </testcase> <!-- @BeforeTest setBrowser -->
  <testcase name="@BeforeTest setBrowser" time="0.0" classname="tests.TestBase">
    <ignored/>
  </testcase> <!-- @BeforeTest setBrowser -->
  <testcase name="@BeforeTest setBrowser" time="0.0" classname="tests.TestBase">
    <ignored/>
  </testcase> <!-- @BeforeTest setBrowser -->
  <testcase name="@BeforeTest setBrowser" time="0.0" classname="tests.TestBase">
    <ignored/>
  </testcase> <!-- @BeforeTest setBrowser -->
  <testcase name="@BeforeTest setBrowser" time="0.0" classname="tests.TestBase">
    <ignored/>
  </testcase> <!-- @BeforeTest setBrowser -->
</testsuite> <!-- Surefire test -->
