<?xml version="1.0" encoding="UTF-8"?>
<!-- Generated by org.testng.reporters.JUnitXMLReporter -->
<testsuite hostname="DESKTOP-C6SQIIN" ignored="0" name="Default test" tests="9" failures="0" timestamp="23 Jun 2022 20:24:07 GMT" time="0.06" errors="0">
  <testcase name="@BeforeTest setBrowser" time="0.0" classname="tests.TestBase">
    <failure type="org.testng.TestNGException" message="
Parameter &amp;apos;browser&amp;apos; is required by BeforeTest on method setBrowser but has not been marked @Optional or defined
in C:\Users\Jayashree\AppData\Local\Temp\testng-eclipse-536593268\testng-customsuite.xml">
      <![CDATA[org.testng.TestNGException: 
Parameter 'browser' is required by BeforeTest on method setBrowser but has not been marked @Optional or defined
in C:\Users\Jayashree\AppData\Local\Temp\testng-eclipse-536593268\testng-customsuite.xml
at org.testng.internal.Parameters.createParams(Parameters.java:290)
at org.testng.internal.Parameters.createParametersForMethod(Parameters.java:359)
at org.testng.internal.Parameters.createParameters(Parameters.java:620)
at org.testng.internal.Parameters.createConfigurationParameters(Parameters.java:190)
at org.testng.internal.Invoker.invokeConfigurations(Invoker.java:209)
at org.testng.internal.Invoker.invokeConfigurations(Invoker.java:142)
at org.testng.TestRunner.beforeRun(TestRunner.java:529)
at org.testng.TestRunner.run(TestRunner.java:497)
at org.testng.SuiteRunner.runTest(SuiteRunner.java:455)
at org.testng.SuiteRunner.runSequentially(SuiteRunner.java:450)
at org.testng.SuiteRunner.privateRun(SuiteRunner.java:415)
at org.testng.SuiteRunner.run(SuiteRunner.java:364)
at org.testng.SuiteRunnerWorker.runSuite(SuiteRunnerWorker.java:52)
at org.testng.SuiteRunnerWorker.run(SuiteRunnerWorker.java:84)
at org.testng.TestNG.runSuitesSequentially(TestNG.java:1208)
at org.testng.TestNG.runSuitesLocally(TestNG.java:1137)
at org.testng.TestNG.runSuites(TestNG.java:1049)
at org.testng.TestNG.run(TestNG.java:1017)
at org.testng.remote.AbstractRemoteTestNG.run(AbstractRemoteTestNG.java:115)
at org.testng.remote.RemoteTestNG.initAndRun(RemoteTestNG.java:251)
at org.testng.remote.RemoteTestNG.main(RemoteTestNG.java:77)
]]>
    </failure>
  </testcase> <!-- @BeforeTest setBrowser -->
  <testcase name="@BeforeMethod setUp" time="0.0" classname="tests.HomePageTest">
    <skipped/>
  </testcase> <!-- @BeforeMethod setUp -->
  <testcase name="@AfterMethod tearDown" time="0.0" classname="tests.TestBase">
    <skipped/>
  </testcase> <!-- @AfterMethod tearDown -->
  <testcase name="@BeforeMethod setUp" time="0.0" classname="tests.HomePageTest">
    <skipped/>
  </testcase> <!-- @BeforeMethod setUp -->
  <testcase name="@AfterMethod tearDown" time="0.0" classname="tests.TestBase">
    <skipped/>
  </testcase> <!-- @AfterMethod tearDown -->
  <testcase name="@BeforeMethod setUp" time="0.0" classname="tests.HomePageTest">
    <skipped/>
  </testcase> <!-- @BeforeMethod setUp -->
  <testcase name="@AfterMethod tearDown" time="0.0" classname="tests.TestBase">
    <skipped/>
  </testcase> <!-- @AfterMethod tearDown -->
  <testcase name="@BeforeMethod setUp" time="0.0" classname="tests.HomePageTest">
    <skipped/>
  </testcase> <!-- @BeforeMethod setUp -->
  <testcase name="@AfterMethod tearDown" time="0.0" classname="tests.TestBase">
    <skipped/>
  </testcase> <!-- @AfterMethod tearDown -->
  <testcase name="@BeforeMethod setUp" time="0.0" classname="tests.HomePageTest">
    <skipped/>
  </testcase> <!-- @BeforeMethod setUp -->
  <testcase name="@AfterMethod tearDown" time="0.0" classname="tests.TestBase">
    <skipped/>
  </testcase> <!-- @AfterMethod tearDown -->
  <testcase name="@BeforeMethod setUp" time="0.0" classname="tests.HomePageTest">
    <skipped/>
  </testcase> <!-- @BeforeMethod setUp -->
  <testcase name="@AfterMethod tearDown" time="0.0" classname="tests.TestBase">
    <skipped/>
  </testcase> <!-- @AfterMethod tearDown -->
  <testcase name="@BeforeMethod setUp" time="0.0" classname="tests.HomePageTest">
    <skipped/>
  </testcase> <!-- @BeforeMethod setUp -->
  <testcase name="@AfterMethod tearDown" time="0.0" classname="tests.TestBase">
    <skipped/>
  </testcase> <!-- @AfterMethod tearDown -->
  <testcase name="@BeforeMethod setUp" time="0.0" classname="tests.HomePageTest">
    <skipped/>
  </testcase> <!-- @BeforeMethod setUp -->
  <testcase name="@AfterMethod tearDown" time="0.0" classname="tests.TestBase">
    <skipped/>
  </testcase> <!-- @AfterMethod tearDown -->
  <testcase name="@BeforeMethod setUp" time="0.0" classname="tests.HomePageTest">
    <skipped/>
  </testcase> <!-- @BeforeMethod setUp -->
  <testcase name="@AfterMethod tearDown" time="0.0" classname="tests.TestBase">
    <skipped/>
  </testcase> <!-- @AfterMethod tearDown -->
  <testcase name="@AfterClass endReport" time="0.0" classname="tests.TestBase">
    <skipped/>
  </testcase> <!-- @AfterClass endReport -->
  <testcase name="UserShouldBeAbleToOpenDSPortalPage" time="0.0" classname="tests.HomePageTest">
    <skipped/>
  </testcase> <!-- UserShouldBeAbleToOpenDSPortalPage -->
  <testcase name="UserShouldBeAbleToOpenHomePage" time="0.0" classname="tests.HomePageTest">
    <skipped/>
  </testcase> <!-- UserShouldBeAbleToOpenHomePage -->
  <testcase name="UserShouldbeAbleToSeePanesForDataStructures" time="0.0" classname="tests.HomePageTest">
    <skipped/>
  </testcase> <!-- UserShouldbeAbleToSeePanesForDataStructures -->
  <testcase name="UserShouldGetAlertWhenClickGetStartedIntroductionButton" time="0.0" classname="tests.HomePageTest">
    <skipped/>
  </testcase> <!-- UserShouldGetAlertWhenClickGetStartedIntroductionButton -->
  <testcase name="UserShouldGetAlertWhenClicksAnyGetStartedButton" time="0.0" classname="tests.HomePageTest">
    <skipped/>
  </testcase> <!-- UserShouldGetAlertWhenClicksAnyGetStartedButton -->
  <testcase name="UserShouldBeAbleToClickAndViewDropDownItems" time="0.0" classname="tests.HomePageTest">
    <skipped/>
  </testcase> <!-- UserShouldBeAbleToClickAndViewDropDownItems -->
  <testcase name="UserShouldGetAlertWhenSelectItemFromDropDown" time="0.0" classname="tests.HomePageTest">
    <skipped/>
  </testcase> <!-- UserShouldGetAlertWhenSelectItemFromDropDown -->
  <testcase name="UserShouldBeAbleToGotoSignInPage" time="0.0" classname="tests.HomePageTest">
    <skipped/>
  </testcase> <!-- UserShouldBeAbleToGotoSignInPage -->
  <testcase name="UserShouldBeAbleToRegister" time="0.0" classname="tests.HomePageTest">
    <skipped/>
  </testcase> <!-- UserShouldBeAbleToRegister -->
</testsuite> <!-- Default test -->
