<?xml version="1.0" encoding="UTF-8"?>
<!-- Generated by org.testng.reporters.JUnitXMLReporter -->
<testsuite hostname="DESKTOP-C6SQIIN" ignored="0" name="Chrome Home Page Test" tests="14" failures="1" timestamp="27 Jun 2022 23:37:27 GMT" time="9.765" errors="0">
  <testcase name="UserShouldBeAbleToOpenDSPortalPage" time="0.082" classname="tests.HomePageTest"/>
  <testcase name="UserShouldBeAbleToOpenHomePage" time="0.686" classname="tests.HomePageTest"/>
  <testcase name="UserShouldbeAbleToSeePanesForDataStructures" time="0.032" classname="tests.HomePageTest"/>
  <testcase name="UserShouldGetAlertWhenClickGetStartedIntroductionButton" time="0.389" classname="tests.HomePageTest"/>
  <testcase name="UserShouldGetAlertWhenClicksArrayGetStartedButton" time="0.393" classname="tests.HomePageTest"/>
  <testcase name="UserShouldGetAlertWhenClicksLinkedListGetStartedButton" time="0.365" classname="tests.HomePageTest"/>
  <testcase name="UserShouldGetAlertWhenClicksStackGetStartedButton" time="0.357" classname="tests.HomePageTest">
    <failure type="java.lang.AssertionError" message="Alert message is not Displayed expected [You are not loged in] but found [You are not logged in]">
      <![CDATA[java.lang.AssertionError: Alert message is not Displayed expected [You are not loged in] but found [You are not logged in]
at tests.HomePageTest.UserShouldGetAlertWhenClicksStackGetStartedButton(HomePageTest.java:99)
... Removed 30 stack frames]]>
    </failure>
  </testcase> <!-- UserShouldGetAlertWhenClicksStackGetStartedButton -->
  <testcase name="UserShouldGetAlertWhenClicksQueueGetStartedButton" time="0.345" classname="tests.HomePageTest"/>
  <testcase name="UserShouldGetAlertWhenClicksTreeGetStartedButton" time="0.323" classname="tests.HomePageTest"/>
  <testcase name="UserShouldGetAlertWhenClicksGraphGetStartedButton" time="0.324" classname="tests.HomePageTest"/>
  <testcase name="UserShouldBeAbleToClickAndViewDropDownItems" time="0.123" classname="tests.HomePageTest"/>
  <testcase name="UserShouldGetAlertWhenSelectArrayItemFromDropDown" time="0.334" classname="tests.HomePageTest"/>
  <testcase name="UserShouldBeAbleToGotoSignInPage" time="0.211" classname="tests.HomePageTest"/>
  <testcase name="UserShouldBeAbleToRegister" time="0.22" classname="tests.HomePageTest"/>
</testsuite> <!-- Chrome Home Page Test -->
