<?xml version="1.0" encoding="UTF-8"?>
<!-- Generated by org.testng.reporters.JUnitXMLReporter -->
<testsuite hostname="DESKTOP-C6SQIIN" ignored="0" name="SignIn Page Test" tests="8" failures="1" timestamp="27 Jun 2022 23:37:36 GMT" time="9.399" errors="0">
  <testcase name="UserShouldNotBeAbleToLoginWithInvalidLoginCredentials" time="0.332" classname="tests.SignInPageTest">
    <failure type="java.lang.AssertionError" message="Invalid Sign in!! expected [Please fill out thiis field.] but found [Please fill out this field.]">
      <![CDATA[java.lang.AssertionError: Invalid Sign in!! expected [Please fill out thiis field.] but found [Please fill out this field.]
at tests.SignInPageTest.UserShouldNotBeAbleToLoginWithInvalidLoginCredentials(SignInPageTest.java:116)
... Removed 30 stack frames]]>
    </failure>
  </testcase> <!-- UserShouldNotBeAbleToLoginWithInvalidLoginCredentials -->
  <testcase name="UserShouldNotBeAbleToLoginWithInvalidLoginCredentials" time="0.522" classname="tests.SignInPageTest"/>
  <testcase name="UserShouldNotBeAbleToLoginWithInvalidLoginCredentials" time="0.538" classname="tests.SignInPageTest"/>
  <testcase name="UserShouldNotBeAbleToLoginWithInvalidLoginCredentials" time="0.552" classname="tests.SignInPageTest"/>
  <testcase name="UserShouldNotBeAbleToLoginWithInvalidLoginCredentials" time="0.334" classname="tests.SignInPageTest"/>
  <testcase name="UserShouldNotBeAbleToLoginWithInvalidLoginCredentials" time="0.248" classname="tests.SignInPageTest"/>
  <testcase name="validUserShouldBeAbleToLogin" time="0.81" classname="tests.SignInPageTest"/>
  <testcase name="UserShouldSignOutSuccessfullyAfterLogin" time="0.338" classname="tests.SignInPageTest"/>
</testsuite> <!-- SignIn Page Test -->
