<?xml version="1.0" encoding="UTF-8"?>
<!-- Generated by org.testng.reporters.JUnitXMLReporter -->
<testsuite hostname="DESKTOP-C6SQIIN" ignored="0" name="Home Page  Test" tests="14" failures="1" timestamp="16 Aug 2022 20:29:35 GMT" time="7.357" errors="0">
  <testcase name="UserShouldBeAbleToOpenDSPortalPage" time="0.089" classname="tests.HomePageTest"/>
  <testcase name="UserShouldBeAbleToOpenHomePage" time="0.421" classname="tests.HomePageTest"/>
  <testcase name="UserShouldbeAbleToSeePanesForDataStructures" time="0.029" classname="tests.HomePageTest"/>
  <testcase name="UserShouldGetAlertWhenClickGetStartedIntroductionButton" time="0.328" classname="tests.HomePageTest"/>
  <testcase name="UserShouldGetAlertWhenClicksArrayGetStartedButton" time="0.285" classname="tests.HomePageTest"/>
  <testcase name="UserShouldGetAlertWhenClicksLinkedListGetStartedButton" time="0.295" classname="tests.HomePageTest"/>
  <testcase name="UserShouldGetAlertWhenClicksStackGetStartedButton" time="0.323" classname="tests.HomePageTest">
    <failure type="java.lang.AssertionError" message="Alert message is not Displayed expected [You are not loged in] but found [You are not logged in]">
      <![CDATA[java.lang.AssertionError: Alert message is not Displayed expected [You are not loged in] but found [You are not logged in]
at tests.HomePageTest.UserShouldGetAlertWhenClicksStackGetStartedButton(HomePageTest.java:99)
... Removed 30 stack frames]]>
    </failure>
  </testcase> <!-- UserShouldGetAlertWhenClicksStackGetStartedButton -->
  <testcase name="UserShouldGetAlertWhenClicksQueueGetStartedButton" time="0.304" classname="tests.HomePageTest"/>
  <testcase name="UserShouldGetAlertWhenClicksTreeGetStartedButton" time="0.293" classname="tests.HomePageTest"/>
  <testcase name="UserShouldGetAlertWhenClicksGraphGetStartedButton" time="0.306" classname="tests.HomePageTest"/>
  <testcase name="UserShouldBeAbleToClickAndViewDropDownItems" time="0.123" classname="tests.HomePageTest"/>
  <testcase name="UserShouldGetAlertWhenSelectArrayItemFromDropDown" time="0.301" classname="tests.HomePageTest"/>
  <testcase name="UserShouldBeAbleToGotoSignInPage" time="0.182" classname="tests.HomePageTest"/>
  <testcase name="UserShouldBeAbleToRegister" time="0.187" classname="tests.HomePageTest"/>
</testsuite> <!-- Home Page  Test -->
