-------------------------------------------------------------------------------
Test set: TestSuite
-------------------------------------------------------------------------------
Tests run: 43, Failures: 1, Errors: 0, Skipped: 42, Time elapsed: 2.007 s <<< FAILURE! - in TestSuite
setBrowser(tests.DSIntroductionPageTest)  Time elapsed: 0.663 s  <<< FAILURE!
org.testng.TestNGException: 

Parameter 'browser' is required by BeforeTest on method setBrowser but has not been marked @Optional or defined


