<?xml version="1.0" encoding="UTF-8"?>
<testsuite xmlns:xsi="http://www.w3.org/2001/XMLSchema-instance" xsi:noNamespaceSchemaLocation="https://maven.apache.org/surefire/maven-surefire-plugin/xsd/surefire-test-report-3.0.xsd" version="3.0" name="TestSuite" time="2.007" tests="43" errors="0" skipped="42" failures="1">
  <properties>
    <property name="sun.desktop" value="windows"/>
    <property name="awt.toolkit" value="sun.awt.windows.WToolkit"/>
    <property name="file.encoding.pkg" value="sun.io"/>
    <property name="java.specification.version" value="1.8"/>
    <property name="sun.cpu.isalist" value="amd64"/>
    <property name="sun.jnu.encoding" value="Cp1252"/>
    <property name="java.class.path" value="C:\Program Files\eclipse\plugins\org.eclipse.m2e.maven.runtime_1.18.1.20211011-2139\jars\plexus-classworlds-2.6.0.jar"/>
    <property name="java.vm.vendor" value="Oracle Corporation"/>
    <property name="sun.arch.data.model" value="64"/>
    <property name="user.variant" value=""/>
    <property name="java.vendor.url" value="http://java.oracle.com/"/>
    <property name="user.timezone" value="America/Chicago"/>
    <property name="os.name" value="Windows 10"/>
    <property name="java.vm.specification.version" value="1.8"/>
    <property name="user.country" value="US"/>
    <property name="sun.java.launcher" value="SUN_STANDARD"/>
    <property name="sun.boot.library.path" value="C:\Program Files\Java\jdk1.8.0_202\jre\bin"/>
    <property name="sun.java.command" value="org.codehaus.plexus.classworlds.launcher.Launcher -B install"/>
    <property name="maven.home" value="C:\Users\Jayashree\October2021_Selenium\DSAlgo\EMBEDDED"/>
    <property name="surefire.test.class.path" value="C:\Users\Jayashree\October2021_Selenium\DSAlgo\target\test-classes;C:\Users\Jayashree\October2021_Selenium\DSAlgo\target\classes;C:\Users\Jayashree\.m2\repository\io\qameta\allure\allure-testng\2.18.1\allure-testng-2.18.1.jar;C:\Users\Jayashree\.m2\repository\io\qameta\allure\allure-java-commons\2.18.1\allure-java-commons-2.18.1.jar;C:\Users\Jayashree\.m2\repository\org\slf4j\slf4j-api\1.7.30\slf4j-api-1.7.30.jar;C:\Users\Jayashree\.m2\repository\io\qameta\allure\allure-model\2.18.1\allure-model-2.18.1.jar;C:\Users\Jayashree\.m2\repository\io\qameta\allure\allure-test-filter\2.18.1\allure-test-filter-2.18.1.jar;C:\Users\Jayashree\.m2\repository\com\aventstack\extentreports\5.0.4\extentreports-5.0.4.jar;C:\Users\Jayashree\.m2\repository\io\reactivex\rxjava3\rxjava\3.0.4\rxjava-3.0.4.jar;C:\Users\Jayashree\.m2\repository\org\reactivestreams\reactive-streams\1.0.3\reactive-streams-1.0.3.jar;C:\Users\Jayashree\.m2\repository\org\freemarker\freemarker\2.3.30\freemarker-2.3.30.jar;C:\Users\Jayashree\.m2\repository\org\projectlombok\lombok\1.18.12\lombok-1.18.12.jar;C:\Users\Jayashree\.m2\repository\com\google\code\gson\gson\2.8.6\gson-2.8.6.jar;C:\Users\Jayashree\.m2\repository\commons-io\commons-io\2.6\commons-io-2.6.jar;C:\Users\Jayashree\.m2\repository\org\seleniumhq\selenium\selenium-java\3.141.59\selenium-java-3.141.59.jar;C:\Users\Jayashree\.m2\repository\org\seleniumhq\selenium\selenium-api\3.141.59\selenium-api-3.141.59.jar;C:\Users\Jayashree\.m2\repository\org\seleniumhq\selenium\selenium-chrome-driver\3.141.59\selenium-chrome-driver-3.141.59.jar;C:\Users\Jayashree\.m2\repository\org\seleniumhq\selenium\selenium-edge-driver\3.141.59\selenium-edge-driver-3.141.59.jar;C:\Users\Jayashree\.m2\repository\org\seleniumhq\selenium\selenium-firefox-driver\3.141.59\selenium-firefox-driver-3.141.59.jar;C:\Users\Jayashree\.m2\repository\org\seleniumhq\selenium\selenium-ie-driver\3.141.59\selenium-ie-driver-3.141.59.jar;C:\Users\Jayashree\.m2\repository\org\seleniumhq\selenium\selenium-opera-driver\3.141.59\selenium-opera-driver-3.141.59.jar;C:\Users\Jayashree\.m2\repository\org\seleniumhq\selenium\selenium-remote-driver\3.141.59\selenium-remote-driver-3.141.59.jar;C:\Users\Jayashree\.m2\repository\org\seleniumhq\selenium\selenium-safari-driver\3.141.59\selenium-safari-driver-3.141.59.jar;C:\Users\Jayashree\.m2\repository\org\seleniumhq\selenium\selenium-support\3.141.59\selenium-support-3.141.59.jar;C:\Users\Jayashree\.m2\repository\net\bytebuddy\byte-buddy\1.8.15\byte-buddy-1.8.15.jar;C:\Users\Jayashree\.m2\repository\org\apache\commons\commons-exec\1.3\commons-exec-1.3.jar;C:\Users\Jayashree\.m2\repository\com\google\guava\guava\25.0-jre\guava-25.0-jre.jar;C:\Users\Jayashree\.m2\repository\com\google\code\findbugs\jsr305\1.3.9\jsr305-1.3.9.jar;C:\Users\Jayashree\.m2\repository\org\checkerframework\checker-compat-qual\2.0.0\checker-compat-qual-2.0.0.jar;C:\Users\Jayashree\.m2\repository\com\google\errorprone\error_prone_annotations\2.1.3\error_prone_annotations-2.1.3.jar;C:\Users\Jayashree\.m2\repository\com\google\j2objc\j2objc-annotations\1.1\j2objc-annotations-1.1.jar;C:\Users\Jayashree\.m2\repository\org\codehaus\mojo\animal-sniffer-annotations\1.14\animal-sniffer-annotations-1.14.jar;C:\Users\Jayashree\.m2\repository\com\squareup\okhttp3\okhttp\3.11.0\okhttp-3.11.0.jar;C:\Users\Jayashree\.m2\repository\com\squareup\okio\okio\1.14.0\okio-1.14.0.jar;C:\Users\Jayashree\.m2\repository\org\testng\testng\6.14.3\testng-6.14.3.jar;C:\Users\Jayashree\.m2\repository\com\beust\jcommander\1.72\jcommander-1.72.jar;C:\Users\Jayashree\.m2\repository\org\apache-extras\beanshell\bsh\2.0b6\bsh-2.0b6.jar;C:\Users\Jayashree\.m2\repository\org\apache\poi\poi\3.17\poi-3.17.jar;C:\Users\Jayashree\.m2\repository\commons-codec\commons-codec\1.10\commons-codec-1.10.jar;C:\Users\Jayashree\.m2\repository\org\apache\commons\commons-collections4\4.1\commons-collections4-4.1.jar;C:\Users\Jayashree\.m2\repository\org\apache\poi\poi-ooxml\3.17\poi-ooxml-3.17.jar;C:\Users\Jayashree\.m2\repository\org\apache\poi\poi-ooxml-schemas\3.17\poi-ooxml-schemas-3.17.jar;C:\Users\Jayashree\.m2\repository\org\apache\xmlbeans\xmlbeans\2.6.0\xmlbeans-2.6.0.jar;C:\Users\Jayashree\.m2\repository\stax\stax-api\1.0.1\stax-api-1.0.1.jar;C:\Users\Jayashree\.m2\repository\com\github\virtuald\curvesapi\1.04\curvesapi-1.04.jar;C:\Users\Jayashree\.m2\repository\com\relevantcodes\extentreports\2.41.2\extentreports-2.41.2.jar;C:\Users\Jayashree\.m2\repository\org\jsoup\jsoup\1.8.3\jsoup-1.8.3.jar;C:\Users\Jayashree\.m2\repository\org\xerial\sqlite-jdbc\3.8.11.1\sqlite-jdbc-3.8.11.1.jar;C:\Users\Jayashree\.m2\repository\org\mongodb\mongodb-driver\3.0.4\mongodb-driver-3.0.4.jar;C:\Users\Jayashree\.m2\repository\org\mongodb\bson\3.0.4\bson-3.0.4.jar;C:\Users\Jayashree\.m2\repository\org\mongodb\mongodb-driver-core\3.0.4\mongodb-driver-core-3.0.4.jar;"/>
    <property name="sun.cpu.endian" value="little"/>
    <property name="user.home" value="C:\Users\Jayashree"/>
    <property name="user.language" value="en"/>
    <property name="java.specification.vendor" value="Oracle Corporation"/>
    <property name="java.home" value="C:\Program Files\Java\jdk1.8.0_202\jre"/>
    <property name="basedir" value="C:\Users\Jayashree\October2021_Selenium\DSAlgo"/>
    <property name="file.separator" value="\"/>
    <property name="line.separator" value="&#10;"/>
    <property name="java.vm.specification.vendor" value="Oracle Corporation"/>
    <property name="java.specification.name" value="Java Platform API Specification"/>
    <property name="java.awt.graphicsenv" value="sun.awt.Win32GraphicsEnvironment"/>
    <property name="sun.boot.class.path" value="C:\Program Files\Java\jdk1.8.0_202\jre\lib\resources.jar;C:\Program Files\Java\jdk1.8.0_202\jre\lib\rt.jar;C:\Program Files\Java\jdk1.8.0_202\jre\lib\sunrsasign.jar;C:\Program Files\Java\jdk1.8.0_202\jre\lib\jsse.jar;C:\Program Files\Java\jdk1.8.0_202\jre\lib\jce.jar;C:\Program Files\Java\jdk1.8.0_202\jre\lib\charsets.jar;C:\Program Files\Java\jdk1.8.0_202\jre\lib\jfr.jar;C:\Program Files\Java\jdk1.8.0_202\jre\classes"/>
    <property name="user.script" value=""/>
    <property name="sun.management.compiler" value="HotSpot 64-Bit Tiered Compilers"/>
    <property name="java.runtime.version" value="1.8.0_202-b08"/>
    <property name="user.name" value="Jayashree"/>
    <property name="path.separator" value=";"/>
    <property name="os.version" value="10.0"/>
    <property name="java.endorsed.dirs" value="C:\Program Files\Java\jdk1.8.0_202\jre\lib\endorsed"/>
    <property name="java.runtime.name" value="Java(TM) SE Runtime Environment"/>
    <property name="file.encoding" value="Cp1252"/>
    <property name="guice.disable.misplaced.annotation.check" value="true"/>
    <property name="java.vm.name" value="Java HotSpot(TM) 64-Bit Server VM"/>
    <property name="localRepository" value="C:\Users\Jayashree\.m2\repository"/>
    <property name="java.vendor.url.bug" value="http://bugreport.sun.com/bugreport/"/>
    <property name="java.io.tmpdir" value="C:\Users\JAYASH~1\AppData\Local\Temp\"/>
    <property name="java.version" value="1.8.0_202"/>
    <property name="user.dir" value="C:\Users\Jayashree\October2021_Selenium\DSAlgo"/>
    <property name="os.arch" value="amd64"/>
    <property name="maven.multiModuleProjectDirectory" value="C:\Users\Jayashree\October2021_Selenium\DSAlgo"/>
    <property name="java.vm.specification.name" value="Java Virtual Machine Specification"/>
    <property name="java.awt.printerjob" value="sun.awt.windows.WPrinterJob"/>
    <property name="sun.os.patch.level" value=""/>
    <property name="java.library.path" value="C:\Program Files\Java\jdk1.8.0_202\bin;C:\Windows\Sun\Java\bin;C:\Windows\system32;C:\Windows;C:/Program Files/eclipse//plugins/org.eclipse.justj.openjdk.hotspot.jre.full.win32.x86_64_17.0.1.v20211116-1657/jre/bin/server;C:/Program Files/eclipse//plugins/org.eclipse.justj.openjdk.hotspot.jre.full.win32.x86_64_17.0.1.v20211116-1657/jre/bin;C:\Program Files\Java\jdk1.8.0_202\bin;C:\Windows\system32;C:\Windows;C:\Windows\System32\Wbem;C:\Windows\System32\WindowsPowerShell\v1.0\;C:\Windows\System32\OpenSSH\;C:\Program Files\Git\cmd;C:\Program Files\Maven\apache-maven-3.6.1\bin;C:\Program Files\Maven\apache-maven-3.6.1\bin;C:\Users\Jayashree\Downloads\allure-commandline-2.13.0\allure-2.13.0\bin;C:\Program Files\allure-commandline-2.13.0\allure-2.13.0\bin;C:\Program Files\MySQL\MySQL Shell 8.0\bin\;C:\Users\Jayashree\AppData\Local\Microsoft\WindowsApps;C:\Users\Jayashree\AppData\Local\GitHubDesktop\bin;C:\Program Files\eclipse;;."/>
    <property name="java.vm.info" value="mixed mode"/>
    <property name="java.vendor" value="Oracle Corporation"/>
    <property name="java.vm.version" value="25.202-b08"/>
    <property name="classworlds.conf" value="C:\Users\Jayashree\October2021_Selenium\.metadata\.plugins\org.eclipse.m2e.launching\launches\m2conf17842094102310292759.tmp"/>
    <property name="java.ext.dirs" value="C:\Program Files\Java\jdk1.8.0_202\jre\lib\ext;C:\Windows\Sun\Java\lib\ext"/>
    <property name="sun.io.unicode.encoding" value="UnicodeLittle"/>
    <property name="java.class.version" value="52.0"/>
  </properties>
  <testcase name="setBrowser" classname="tests.DSIntroductionPageTest" time="0.663">
    <failure message="&#10;Parameter &apos;browser&apos; is required by BeforeTest on method setBrowser but has not been marked @Optional or defined&#10;" type="org.testng.TestNGException">org.testng.TestNGException: 

Parameter 'browser' is required by BeforeTest on method setBrowser but has not been marked @Optional or defined

</failure>
    <system-out><![CDATA[[INFO] Running TestSuite
]]></system-out>
    <system-err><![CDATA[SLF4J: Failed to load class "org.slf4j.impl.StaticLoggerBinder".
SLF4J: Defaulting to no-operation (NOP) logger implementation
SLF4J: See http://www.slf4j.org/codes.html#StaticLoggerBinder for further details.
]]></system-err>
  </testcase>
  <testcase name="setUp" classname="tests.DSIntroductionPageTest" time="0">
    <skipped/>
  </testcase>
  <testcase name="validUserShouldBeAbletoLandInDSIntroductionPage" classname="tests.DSIntroductionPageTest" time="0">
    <skipped message="&#10;Parameter &apos;browser&apos; is required by BeforeTest on method setBrowser but has not been marked @Optional or defined&#10;"/>
  </testcase>
  <testcase name="tearDown" classname="tests.DSIntroductionPageTest" time="0">
    <skipped/>
  </testcase>
  <testcase name="setUp" classname="tests.TreePageTest" time="0">
    <skipped/>
  </testcase>
  <testcase name="validUserShouldBeAbletoLandInTreePage" classname="tests.TreePageTest" time="0">
    <skipped message="&#10;Parameter &apos;browser&apos; is required by BeforeTest on method setBrowser but has not been marked @Optional or defined&#10;"/>
  </testcase>
  <testcase name="tearDown" classname="tests.TreePageTest" time="0">
    <skipped/>
  </testcase>
  <testcase name="setUp" classname="tests.GraphPageTest" time="0">
    <skipped/>
  </testcase>
  <testcase name="validUserShouldBeAbletoLandInGraphPage" classname="tests.GraphPageTest" time="0">
    <skipped message="&#10;Parameter &apos;browser&apos; is required by BeforeTest on method setBrowser but has not been marked @Optional or defined&#10;"/>
  </testcase>
  <testcase name="tearDown" classname="tests.GraphPageTest" time="0">
    <skipped/>
  </testcase>
  <testcase name="setUp" classname="tests.HomePageTest" time="0">
    <skipped/>
  </testcase>
  <testcase name="UserShouldBeAbleToOpenDSPortalPage" classname="tests.HomePageTest" time="0">
    <skipped message="&#10;Parameter &apos;browser&apos; is required by BeforeTest on method setBrowser but has not been marked @Optional or defined&#10;"/>
  </testcase>
  <testcase name="tearDown" classname="tests.HomePageTest" time="0">
    <skipped/>
  </testcase>
  <testcase name="setUp" classname="tests.RegisterPageTest" time="0">
    <skipped/>
  </testcase>
  <testcase name="UserShouldNotBeAbleToRegisterWithInvalidData" classname="tests.RegisterPageTest" time="0">
    <skipped message="&#10;Parameter &apos;browser&apos; is required by BeforeTest on method setBrowser but has not been marked @Optional or defined&#10;"/>
  </testcase>
  <testcase name="UserShouldNotBeAbleToRegisterWithInvalidData" classname="tests.RegisterPageTest" time="0">
    <skipped message="&#10;Parameter &apos;browser&apos; is required by BeforeTest on method setBrowser but has not been marked @Optional or defined&#10;"/>
  </testcase>
  <testcase name="UserShouldNotBeAbleToRegisterWithInvalidData" classname="tests.RegisterPageTest" time="0">
    <skipped message="&#10;Parameter &apos;browser&apos; is required by BeforeTest on method setBrowser but has not been marked @Optional or defined&#10;"/>
  </testcase>
  <testcase name="UserShouldNotBeAbleToRegisterWithInvalidData" classname="tests.RegisterPageTest" time="0">
    <skipped message="&#10;Parameter &apos;browser&apos; is required by BeforeTest on method setBrowser but has not been marked @Optional or defined&#10;"/>
  </testcase>
  <testcase name="UserShouldNotBeAbleToRegisterWithInvalidData" classname="tests.RegisterPageTest" time="0">
    <skipped message="&#10;Parameter &apos;browser&apos; is required by BeforeTest on method setBrowser but has not been marked @Optional or defined&#10;"/>
  </testcase>
  <testcase name="UserShouldNotBeAbleToRegisterWithInvalidData" classname="tests.RegisterPageTest" time="0">
    <skipped message="&#10;Parameter &apos;browser&apos; is required by BeforeTest on method setBrowser but has not been marked @Optional or defined&#10;"/>
  </testcase>
  <testcase name="UserShouldNotBeAbleToRegisterWithInvalidData" classname="tests.RegisterPageTest" time="0">
    <skipped message="&#10;Parameter &apos;browser&apos; is required by BeforeTest on method setBrowser but has not been marked @Optional or defined&#10;"/>
  </testcase>
  <testcase name="UserShouldNotBeAbleToRegisterWithInvalidData" classname="tests.RegisterPageTest" time="0">
    <skipped message="&#10;Parameter &apos;browser&apos; is required by BeforeTest on method setBrowser but has not been marked @Optional or defined&#10;"/>
  </testcase>
  <testcase name="tearDown" classname="tests.RegisterPageTest" time="0">
    <skipped/>
  </testcase>
  <testcase name="tearDown" classname="tests.RegisterPageTest" time="0">
    <skipped/>
  </testcase>
  <testcase name="tearDown" classname="tests.RegisterPageTest" time="0">
    <skipped/>
  </testcase>
  <testcase name="tearDown" classname="tests.RegisterPageTest" time="0">
    <skipped/>
  </testcase>
  <testcase name="tearDown" classname="tests.RegisterPageTest" time="0">
    <skipped/>
  </testcase>
  <testcase name="tearDown" classname="tests.RegisterPageTest" time="0">
    <skipped/>
  </testcase>
  <testcase name="tearDown" classname="tests.RegisterPageTest" time="0">
    <skipped/>
  </testcase>
  <testcase name="tearDown" classname="tests.RegisterPageTest" time="0">
    <skipped/>
  </testcase>
  <testcase name="setUp" classname="tests.SignInPageTest" time="0">
    <skipped/>
  </testcase>
  <testcase name="UserShouldNotBeAbleToLoginWithInvalidLoginCredentials" classname="tests.SignInPageTest" time="0">
    <skipped message="&#10;Parameter &apos;browser&apos; is required by BeforeTest on method setBrowser but has not been marked @Optional or defined&#10;"/>
  </testcase>
  <testcase name="UserShouldNotBeAbleToLoginWithInvalidLoginCredentials" classname="tests.SignInPageTest" time="0">
    <skipped message="&#10;Parameter &apos;browser&apos; is required by BeforeTest on method setBrowser but has not been marked @Optional or defined&#10;"/>
  </testcase>
  <testcase name="UserShouldNotBeAbleToLoginWithInvalidLoginCredentials" classname="tests.SignInPageTest" time="0">
    <skipped message="&#10;Parameter &apos;browser&apos; is required by BeforeTest on method setBrowser but has not been marked @Optional or defined&#10;"/>
  </testcase>
  <testcase name="UserShouldNotBeAbleToLoginWithInvalidLoginCredentials" classname="tests.SignInPageTest" time="0">
    <skipped message="&#10;Parameter &apos;browser&apos; is required by BeforeTest on method setBrowser but has not been marked @Optional or defined&#10;"/>
  </testcase>
  <testcase name="UserShouldNotBeAbleToLoginWithInvalidLoginCredentials" classname="tests.SignInPageTest" time="0">
    <skipped message="&#10;Parameter &apos;browser&apos; is required by BeforeTest on method setBrowser but has not been marked @Optional or defined&#10;"/>
  </testcase>
  <testcase name="UserShouldNotBeAbleToLoginWithInvalidLoginCredentials" classname="tests.SignInPageTest" time="0">
    <skipped message="&#10;Parameter &apos;browser&apos; is required by BeforeTest on method setBrowser but has not been marked @Optional or defined&#10;"/>
  </testcase>
  <testcase name="tearDown" classname="tests.SignInPageTest" time="0">
    <skipped/>
  </testcase>
  <testcase name="tearDown" classname="tests.SignInPageTest" time="0">
    <skipped/>
  </testcase>
  <testcase name="tearDown" classname="tests.SignInPageTest" time="0">
    <skipped/>
  </testcase>
  <testcase name="tearDown" classname="tests.SignInPageTest" time="0">
    <skipped/>
  </testcase>
  <testcase name="tearDown" classname="tests.SignInPageTest" time="0">
    <skipped/>
  </testcase>
  <testcase name="tearDown" classname="tests.SignInPageTest" time="0">
    <skipped/>
  </testcase>
</testsuite>