<?xml version="1.0" encoding="UTF-8"?>
<testng-results skipped="0" failed="1" ignored="0" total="31" passed="30">
  <reporter-output>
  </reporter-output>
  <suite name="DS Algo Basics" duration-ms="44621" started-at="2022-08-16T20:29:28Z" finished-at="2022-08-16T20:30:12Z">
    <groups>
    </groups>
    <test name="Home Page  Test" duration-ms="7357" started-at="2022-08-16T20:29:28Z" finished-at="2022-08-16T20:29:35Z">
      <class name="tests.HomePageTest">
        <test-method status="PASS" signature="setBrowser(java.lang.String)[pri:0, instance:tests.HomePageTest@3901d134]" name="setBrowser" is-config="true" duration-ms="2448" started-at="2022-08-16T20:29:28Z" finished-at="2022-08-16T20:29:30Z">
          <params>
            <param index="0">
              <value>
                <![CDATA[chrome]]>
              </value>
            </param>
          </params>
          <reporter-output>
          </reporter-output>
        </test-method> <!-- setBrowser -->
        <test-method status="PASS" signature="setUp()[pri:0, instance:tests.HomePageTest@3901d134]" name="setUp" is-config="true" duration-ms="45" started-at="2022-08-16T20:29:30Z" finished-at="2022-08-16T20:29:30Z">
          <reporter-output>
          </reporter-output>
        </test-method> <!-- setUp -->
        <test-method status="PASS" signature="UserShouldBeAbleToOpenDSPortalPage()[pri:1, instance:tests.HomePageTest@3901d134]" name="UserShouldBeAbleToOpenDSPortalPage" duration-ms="89" started-at="2022-08-16T20:29:30Z" description="Verify DS Portal Page" finished-at="2022-08-16T20:29:30Z">
          <reporter-output>
          </reporter-output>
        </test-method> <!-- UserShouldBeAbleToOpenDSPortalPage -->
        <test-method status="PASS" signature="tearDown(org.testng.ITestResult, java.lang.String)[pri:0, instance:tests.HomePageTest@3901d134]" name="tearDown" is-config="true" duration-ms="8" started-at="2022-08-16T20:29:30Z" finished-at="2022-08-16T20:29:30Z">
          <params>
            <param index="0">
              <value>
                <![CDATA[[TestResult name=UserShouldBeAbleToOpenDSPortalPage status=SUCCESS method=HomePageTest.UserShouldBeAbleToOpenDSPortalPage()[pri:1, instance:tests.HomePageTest@3901d134] output={null}]]]>
              </value>
            </param>
            <param index="1">
              <value>
                <![CDATA[chrome]]>
              </value>
            </param>
          </params>
          <reporter-output>
          </reporter-output>
        </test-method> <!-- tearDown -->
        <test-method status="PASS" signature="UserShouldBeAbleToOpenHomePage()[pri:2, instance:tests.HomePageTest@3901d134]" name="UserShouldBeAbleToOpenHomePage" duration-ms="421" started-at="2022-08-16T20:29:30Z" finished-at="2022-08-16T20:29:31Z">
          <reporter-output>
          </reporter-output>
        </test-method> <!-- UserShouldBeAbleToOpenHomePage -->
        <test-method status="PASS" signature="tearDown(org.testng.ITestResult, java.lang.String)[pri:0, instance:tests.HomePageTest@3901d134]" name="tearDown" is-config="true" duration-ms="1" started-at="2022-08-16T20:29:31Z" finished-at="2022-08-16T20:29:31Z">
          <params>
            <param index="0">
              <value>
                <![CDATA[[TestResult name=UserShouldBeAbleToOpenHomePage status=SUCCESS method=HomePageTest.UserShouldBeAbleToOpenHomePage()[pri:2, instance:tests.HomePageTest@3901d134] output={null}]]]>
              </value>
            </param>
            <param index="1">
              <value>
                <![CDATA[chrome]]>
              </value>
            </param>
          </params>
          <reporter-output>
          </reporter-output>
        </test-method> <!-- tearDown -->
        <test-method status="PASS" signature="UserShouldbeAbleToSeePanesForDataStructures()[pri:3, instance:tests.HomePageTest@3901d134]" name="UserShouldbeAbleToSeePanesForDataStructures" duration-ms="29" started-at="2022-08-16T20:29:31Z" finished-at="2022-08-16T20:29:31Z">
          <reporter-output>
          </reporter-output>
        </test-method> <!-- UserShouldbeAbleToSeePanesForDataStructures -->
        <test-method status="PASS" signature="tearDown(org.testng.ITestResult, java.lang.String)[pri:0, instance:tests.HomePageTest@3901d134]" name="tearDown" is-config="true" duration-ms="1" started-at="2022-08-16T20:29:31Z" finished-at="2022-08-16T20:29:31Z">
          <params>
            <param index="0">
              <value>
                <![CDATA[[TestResult name=UserShouldbeAbleToSeePanesForDataStructures status=SUCCESS method=HomePageTest.UserShouldbeAbleToSeePanesForDataStructures()[pri:3, instance:tests.HomePageTest@3901d134] output={null}]]]>
              </value>
            </param>
            <param index="1">
              <value>
                <![CDATA[chrome]]>
              </value>
            </param>
          </params>
          <reporter-output>
          </reporter-output>
        </test-method> <!-- tearDown -->
        <test-method status="PASS" signature="UserShouldGetAlertWhenClickGetStartedIntroductionButton()[pri:4, instance:tests.HomePageTest@3901d134]" name="UserShouldGetAlertWhenClickGetStartedIntroductionButton" duration-ms="328" started-at="2022-08-16T20:29:31Z" finished-at="2022-08-16T20:29:31Z">
          <reporter-output>
          </reporter-output>
        </test-method> <!-- UserShouldGetAlertWhenClickGetStartedIntroductionButton -->
        <test-method status="PASS" signature="tearDown(org.testng.ITestResult, java.lang.String)[pri:0, instance:tests.HomePageTest@3901d134]" name="tearDown" is-config="true" duration-ms="0" started-at="2022-08-16T20:29:31Z" finished-at="2022-08-16T20:29:31Z">
          <params>
            <param index="0">
              <value>
                <![CDATA[[TestResult name=UserShouldGetAlertWhenClickGetStartedIntroductionButton status=SUCCESS method=HomePageTest.UserShouldGetAlertWhenClickGetStartedIntroductionButton()[pri:4, instance:tests.HomePageTest@3901d134] output={null}]]]>
              </value>
            </param>
            <param index="1">
              <value>
                <![CDATA[chrome]]>
              </value>
            </param>
          </params>
          <reporter-output>
          </reporter-output>
        </test-method> <!-- tearDown -->
        <test-method status="PASS" signature="UserShouldGetAlertWhenClicksArrayGetStartedButton()[pri:5, instance:tests.HomePageTest@3901d134]" name="UserShouldGetAlertWhenClicksArrayGetStartedButton" duration-ms="285" started-at="2022-08-16T20:29:31Z" finished-at="2022-08-16T20:29:31Z">
          <reporter-output>
          </reporter-output>
        </test-method> <!-- UserShouldGetAlertWhenClicksArrayGetStartedButton -->
        <test-method status="PASS" signature="tearDown(org.testng.ITestResult, java.lang.String)[pri:0, instance:tests.HomePageTest@3901d134]" name="tearDown" is-config="true" duration-ms="1" started-at="2022-08-16T20:29:31Z" finished-at="2022-08-16T20:29:31Z">
          <params>
            <param index="0">
              <value>
                <![CDATA[[TestResult name=UserShouldGetAlertWhenClicksArrayGetStartedButton status=SUCCESS method=HomePageTest.UserShouldGetAlertWhenClicksArrayGetStartedButton()[pri:5, instance:tests.HomePageTest@3901d134] output={null}]]]>
              </value>
            </param>
            <param index="1">
              <value>
                <![CDATA[chrome]]>
              </value>
            </param>
          </params>
          <reporter-output>
          </reporter-output>
        </test-method> <!-- tearDown -->
        <test-method status="PASS" signature="UserShouldGetAlertWhenClicksLinkedListGetStartedButton()[pri:6, instance:tests.HomePageTest@3901d134]" name="UserShouldGetAlertWhenClicksLinkedListGetStartedButton" duration-ms="295" started-at="2022-08-16T20:29:31Z" finished-at="2022-08-16T20:29:32Z">
          <reporter-output>
          </reporter-output>
        </test-method> <!-- UserShouldGetAlertWhenClicksLinkedListGetStartedButton -->
        <test-method status="PASS" signature="tearDown(org.testng.ITestResult, java.lang.String)[pri:0, instance:tests.HomePageTest@3901d134]" name="tearDown" is-config="true" duration-ms="1" started-at="2022-08-16T20:29:32Z" finished-at="2022-08-16T20:29:32Z">
          <params>
            <param index="0">
              <value>
                <![CDATA[[TestResult name=UserShouldGetAlertWhenClicksLinkedListGetStartedButton status=SUCCESS method=HomePageTest.UserShouldGetAlertWhenClicksLinkedListGetStartedButton()[pri:6, instance:tests.HomePageTest@3901d134] output={null}]]]>
              </value>
            </param>
            <param index="1">
              <value>
                <![CDATA[chrome]]>
              </value>
            </param>
          </params>
          <reporter-output>
          </reporter-output>
        </test-method> <!-- tearDown -->
        <test-method status="FAIL" signature="UserShouldGetAlertWhenClicksStackGetStartedButton()[pri:7, instance:tests.HomePageTest@3901d134]" name="UserShouldGetAlertWhenClicksStackGetStartedButton" duration-ms="323" started-at="2022-08-16T20:29:32Z" finished-at="2022-08-16T20:29:32Z">
          <exception class="java.lang.AssertionError">
            <message>
              <![CDATA[Alert message is not Displayed expected [You are not loged in] but found [You are not logged in]]]>
            </message>
            <full-stacktrace>
              <![CDATA[java.lang.AssertionError: Alert message is not Displayed expected [You are not loged in] but found [You are not logged in]
at org.testng.Assert.fail(Assert.java:96)
at org.testng.Assert.failNotEquals(Assert.java:776)
at org.testng.Assert.assertEqualsImpl(Assert.java:137)
at org.testng.Assert.assertEquals(Assert.java:118)
at org.testng.Assert.assertEquals(Assert.java:453)
at tests.HomePageTest.UserShouldGetAlertWhenClicksStackGetStartedButton(HomePageTest.java:99)
at sun.reflect.NativeMethodAccessorImpl.invoke0(Native Method)
at sun.reflect.NativeMethodAccessorImpl.invoke(NativeMethodAccessorImpl.java:62)
at sun.reflect.DelegatingMethodAccessorImpl.invoke(DelegatingMethodAccessorImpl.java:43)
at java.lang.reflect.Method.invoke(Method.java:498)
at org.testng.internal.MethodInvocationHelper.invokeMethod(MethodInvocationHelper.java:124)
at org.testng.internal.Invoker.invokeMethod(Invoker.java:583)
at org.testng.internal.Invoker.invokeTestMethod(Invoker.java:719)
at org.testng.internal.Invoker.invokeTestMethods(Invoker.java:989)
at org.testng.internal.TestMethodWorker.invokeTestMethods(TestMethodWorker.java:125)
at org.testng.internal.TestMethodWorker.run(TestMethodWorker.java:109)
at org.testng.TestRunner.privateRun(TestRunner.java:648)
at org.testng.TestRunner.run(TestRunner.java:505)
at org.testng.SuiteRunner.runTest(SuiteRunner.java:455)
at org.testng.SuiteRunner.runSequentially(SuiteRunner.java:450)
at org.testng.SuiteRunner.privateRun(SuiteRunner.java:415)
at org.testng.SuiteRunner.run(SuiteRunner.java:364)
at org.testng.SuiteRunnerWorker.runSuite(SuiteRunnerWorker.java:52)
at org.testng.SuiteRunnerWorker.run(SuiteRunnerWorker.java:84)
at org.testng.TestNG.runSuitesSequentially(TestNG.java:1208)
at org.testng.TestNG.runSuitesLocally(TestNG.java:1137)
at org.testng.TestNG.runSuites(TestNG.java:1049)
at org.testng.TestNG.run(TestNG.java:1017)
at org.testng.remote.AbstractRemoteTestNG.run(AbstractRemoteTestNG.java:115)
at org.testng.remote.RemoteTestNG.initAndRun(RemoteTestNG.java:251)
at org.testng.remote.RemoteTestNG.main(RemoteTestNG.java:77)
]]>
            </full-stacktrace>
          </exception> <!-- java.lang.AssertionError -->
          <reporter-output>
          </reporter-output>
        </test-method> <!-- UserShouldGetAlertWhenClicksStackGetStartedButton -->
        <test-method status="PASS" signature="tearDown(org.testng.ITestResult, java.lang.String)[pri:0, instance:tests.HomePageTest@3901d134]" name="tearDown" is-config="true" duration-ms="190" started-at="2022-08-16T20:29:32Z" finished-at="2022-08-16T20:29:32Z">
          <params>
            <param index="0">
              <value>
                <![CDATA[[TestResult name=UserShouldGetAlertWhenClicksStackGetStartedButton status=FAILURE method=HomePageTest.UserShouldGetAlertWhenClicksStackGetStartedButton()[pri:7, instance:tests.HomePageTest@3901d134] output={null}]]]>
              </value>
            </param>
            <param index="1">
              <value>
                <![CDATA[chrome]]>
              </value>
            </param>
          </params>
          <reporter-output>
          </reporter-output>
        </test-method> <!-- tearDown -->
        <test-method status="PASS" signature="UserShouldGetAlertWhenClicksQueueGetStartedButton()[pri:8, instance:tests.HomePageTest@3901d134]" name="UserShouldGetAlertWhenClicksQueueGetStartedButton" duration-ms="304" started-at="2022-08-16T20:29:32Z" finished-at="2022-08-16T20:29:32Z">
          <reporter-output>
          </reporter-output>
        </test-method> <!-- UserShouldGetAlertWhenClicksQueueGetStartedButton -->
        <test-method status="PASS" signature="tearDown(org.testng.ITestResult, java.lang.String)[pri:0, instance:tests.HomePageTest@3901d134]" name="tearDown" is-config="true" duration-ms="0" started-at="2022-08-16T20:29:32Z" finished-at="2022-08-16T20:29:32Z">
          <params>
            <param index="0">
              <value>
                <![CDATA[[TestResult name=UserShouldGetAlertWhenClicksQueueGetStartedButton status=SUCCESS method=HomePageTest.UserShouldGetAlertWhenClicksQueueGetStartedButton()[pri:8, instance:tests.HomePageTest@3901d134] output={null}]]]>
              </value>
            </param>
            <param index="1">
              <value>
                <![CDATA[chrome]]>
              </value>
            </param>
          </params>
          <reporter-output>
          </reporter-output>
        </test-method> <!-- tearDown -->
        <test-method status="PASS" signature="UserShouldGetAlertWhenClicksTreeGetStartedButton()[pri:9, instance:tests.HomePageTest@3901d134]" name="UserShouldGetAlertWhenClicksTreeGetStartedButton" duration-ms="293" started-at="2022-08-16T20:29:32Z" finished-at="2022-08-16T20:29:33Z">
          <reporter-output>
          </reporter-output>
        </test-method> <!-- UserShouldGetAlertWhenClicksTreeGetStartedButton -->
        <test-method status="PASS" signature="tearDown(org.testng.ITestResult, java.lang.String)[pri:0, instance:tests.HomePageTest@3901d134]" name="tearDown" is-config="true" duration-ms="1" started-at="2022-08-16T20:29:33Z" finished-at="2022-08-16T20:29:33Z">
          <params>
            <param index="0">
              <value>
                <![CDATA[[TestResult name=UserShouldGetAlertWhenClicksTreeGetStartedButton status=SUCCESS method=HomePageTest.UserShouldGetAlertWhenClicksTreeGetStartedButton()[pri:9, instance:tests.HomePageTest@3901d134] output={null}]]]>
              </value>
            </param>
            <param index="1">
              <value>
                <![CDATA[chrome]]>
              </value>
            </param>
          </params>
          <reporter-output>
          </reporter-output>
        </test-method> <!-- tearDown -->
        <test-method status="PASS" signature="UserShouldGetAlertWhenClicksGraphGetStartedButton()[pri:10, instance:tests.HomePageTest@3901d134]" name="UserShouldGetAlertWhenClicksGraphGetStartedButton" duration-ms="306" started-at="2022-08-16T20:29:33Z" finished-at="2022-08-16T20:29:33Z">
          <reporter-output>
          </reporter-output>
        </test-method> <!-- UserShouldGetAlertWhenClicksGraphGetStartedButton -->
        <test-method status="PASS" signature="tearDown(org.testng.ITestResult, java.lang.String)[pri:0, instance:tests.HomePageTest@3901d134]" name="tearDown" is-config="true" duration-ms="1" started-at="2022-08-16T20:29:33Z" finished-at="2022-08-16T20:29:33Z">
          <params>
            <param index="0">
              <value>
                <![CDATA[[TestResult name=UserShouldGetAlertWhenClicksGraphGetStartedButton status=SUCCESS method=HomePageTest.UserShouldGetAlertWhenClicksGraphGetStartedButton()[pri:10, instance:tests.HomePageTest@3901d134] output={null}]]]>
              </value>
            </param>
            <param index="1">
              <value>
                <![CDATA[chrome]]>
              </value>
            </param>
          </params>
          <reporter-output>
          </reporter-output>
        </test-method> <!-- tearDown -->
        <test-method status="PASS" signature="UserShouldBeAbleToClickAndViewDropDownItems()[pri:11, instance:tests.HomePageTest@3901d134]" name="UserShouldBeAbleToClickAndViewDropDownItems" duration-ms="123" started-at="2022-08-16T20:29:33Z" finished-at="2022-08-16T20:29:33Z">
          <reporter-output>
          </reporter-output>
        </test-method> <!-- UserShouldBeAbleToClickAndViewDropDownItems -->
        <test-method status="PASS" signature="tearDown(org.testng.ITestResult, java.lang.String)[pri:0, instance:tests.HomePageTest@3901d134]" name="tearDown" is-config="true" duration-ms="1" started-at="2022-08-16T20:29:33Z" finished-at="2022-08-16T20:29:33Z">
          <params>
            <param index="0">
              <value>
                <![CDATA[[TestResult name=UserShouldBeAbleToClickAndViewDropDownItems status=SUCCESS method=HomePageTest.UserShouldBeAbleToClickAndViewDropDownItems()[pri:11, instance:tests.HomePageTest@3901d134] output={null}]]]>
              </value>
            </param>
            <param index="1">
              <value>
                <![CDATA[chrome]]>
              </value>
            </param>
          </params>
          <reporter-output>
          </reporter-output>
        </test-method> <!-- tearDown -->
        <test-method status="PASS" signature="UserShouldGetAlertWhenSelectArrayItemFromDropDown()[pri:12, instance:tests.HomePageTest@3901d134]" name="UserShouldGetAlertWhenSelectArrayItemFromDropDown" duration-ms="301" started-at="2022-08-16T20:29:33Z" finished-at="2022-08-16T20:29:34Z">
          <reporter-output>
          </reporter-output>
        </test-method> <!-- UserShouldGetAlertWhenSelectArrayItemFromDropDown -->
        <test-method status="PASS" signature="tearDown(org.testng.ITestResult, java.lang.String)[pri:0, instance:tests.HomePageTest@3901d134]" name="tearDown" is-config="true" duration-ms="1" started-at="2022-08-16T20:29:34Z" finished-at="2022-08-16T20:29:34Z">
          <params>
            <param index="0">
              <value>
                <![CDATA[[TestResult name=UserShouldGetAlertWhenSelectArrayItemFromDropDown status=SUCCESS method=HomePageTest.UserShouldGetAlertWhenSelectArrayItemFromDropDown()[pri:12, instance:tests.HomePageTest@3901d134] output={null}]]]>
              </value>
            </param>
            <param index="1">
              <value>
                <![CDATA[chrome]]>
              </value>
            </param>
          </params>
          <reporter-output>
          </reporter-output>
        </test-method> <!-- tearDown -->
        <test-method status="PASS" signature="UserShouldBeAbleToGotoSignInPage()[pri:13, instance:tests.HomePageTest@3901d134]" name="UserShouldBeAbleToGotoSignInPage" duration-ms="182" started-at="2022-08-16T20:29:34Z" finished-at="2022-08-16T20:29:34Z">
          <reporter-output>
          </reporter-output>
        </test-method> <!-- UserShouldBeAbleToGotoSignInPage -->
        <test-method status="PASS" signature="tearDown(org.testng.ITestResult, java.lang.String)[pri:0, instance:tests.HomePageTest@3901d134]" name="tearDown" is-config="true" duration-ms="1" started-at="2022-08-16T20:29:34Z" finished-at="2022-08-16T20:29:34Z">
          <params>
            <param index="0">
              <value>
                <![CDATA[[TestResult name=UserShouldBeAbleToGotoSignInPage status=SUCCESS method=HomePageTest.UserShouldBeAbleToGotoSignInPage()[pri:13, instance:tests.HomePageTest@3901d134] output={null}]]]>
              </value>
            </param>
            <param index="1">
              <value>
                <![CDATA[chrome]]>
              </value>
            </param>
          </params>
          <reporter-output>
          </reporter-output>
        </test-method> <!-- tearDown -->
        <test-method status="PASS" signature="UserShouldBeAbleToRegister()[pri:14, instance:tests.HomePageTest@3901d134]" name="UserShouldBeAbleToRegister" duration-ms="187" started-at="2022-08-16T20:29:34Z" finished-at="2022-08-16T20:29:34Z">
          <reporter-output>
          </reporter-output>
        </test-method> <!-- UserShouldBeAbleToRegister -->
        <test-method status="PASS" signature="tearDown(org.testng.ITestResult, java.lang.String)[pri:0, instance:tests.HomePageTest@3901d134]" name="tearDown" is-config="true" duration-ms="1" started-at="2022-08-16T20:29:34Z" finished-at="2022-08-16T20:29:34Z">
          <params>
            <param index="0">
              <value>
                <![CDATA[[TestResult name=UserShouldBeAbleToRegister status=SUCCESS method=HomePageTest.UserShouldBeAbleToRegister()[pri:14, instance:tests.HomePageTest@3901d134] output={null}]]]>
              </value>
            </param>
            <param index="1">
              <value>
                <![CDATA[chrome]]>
              </value>
            </param>
          </params>
          <reporter-output>
          </reporter-output>
        </test-method> <!-- tearDown -->
        <test-method status="PASS" signature="endReport()[pri:0, instance:tests.HomePageTest@3901d134]" name="endReport" is-config="true" duration-ms="995" started-at="2022-08-16T20:29:34Z" finished-at="2022-08-16T20:29:35Z">
          <reporter-output>
          </reporter-output>
        </test-method> <!-- endReport -->
      </class> <!-- tests.HomePageTest -->
    </test> <!-- Home Page  Test -->
    <test name="Register Page Test" duration-ms="29195" started-at="2022-08-16T20:29:35Z" finished-at="2022-08-16T20:30:04Z">
      <class name="tests.RegisterPageTest">
        <test-method status="PASS" signature="setBrowser(java.lang.String)[pri:0, instance:tests.RegisterPageTest@12b0404f]" name="setBrowser" is-config="true" duration-ms="1648" started-at="2022-08-16T20:29:35Z" finished-at="2022-08-16T20:29:37Z">
          <params>
            <param index="0">
              <value>
                <![CDATA[chrome]]>
              </value>
            </param>
          </params>
          <reporter-output>
          </reporter-output>
        </test-method> <!-- setBrowser -->
        <test-method status="PASS" signature="setUp()[pri:0, instance:tests.RegisterPageTest@12b0404f]" name="setUp" is-config="true" duration-ms="858" started-at="2022-08-16T20:29:37Z" finished-at="2022-08-16T20:29:37Z">
          <reporter-output>
          </reporter-output>
        </test-method> <!-- setUp -->
        <test-method status="PASS" signature="UserShouldNotBeAbleToRegisterWithInvalidData(java.lang.String, java.lang.String, java.lang.String, java.lang.String)[pri:1, instance:tests.RegisterPageTest@12b0404f]" name="UserShouldNotBeAbleToRegisterWithInvalidData" duration-ms="2520" started-at="2022-08-16T20:29:39Z" data-provider="InvalidRegistrationData" finished-at="2022-08-16T20:29:41Z">
          <params>
            <param index="0">
              <value>
                <![CDATA[User enters only Username]]>
              </value>
            </param>
            <param index="1">
              <value>
                <![CDATA[tom]]>
              </value>
            </param>
            <param index="2">
              <value>
                <![CDATA[]]>
              </value>
            </param>
            <param index="3">
              <value>
                <![CDATA[]]>
              </value>
            </param>
          </params>
          <reporter-output>
          </reporter-output>
        </test-method> <!-- UserShouldNotBeAbleToRegisterWithInvalidData -->
        <test-method status="PASS" signature="tearDown(org.testng.ITestResult, java.lang.String)[pri:0, instance:tests.RegisterPageTest@12b0404f]" name="tearDown" is-config="true" duration-ms="1" started-at="2022-08-16T20:29:42Z" finished-at="2022-08-16T20:29:42Z">
          <params>
            <param index="0">
              <value>
                <![CDATA[[TestResult name=UserShouldNotBeAbleToRegisterWithInvalidData status=SUCCESS method=RegisterPageTest.UserShouldNotBeAbleToRegisterWithInvalidData(java.lang.String, java.lang.String, java.lang.String, java.lang.String)[pri:1, instance:tests.RegisterPageTest@12b0404f] output={null}]]]>
              </value>
            </param>
            <param index="1">
              <value>
                <![CDATA[chrome]]>
              </value>
            </param>
          </params>
          <reporter-output>
          </reporter-output>
        </test-method> <!-- tearDown -->
        <test-method status="PASS" signature="UserShouldNotBeAbleToRegisterWithInvalidData(java.lang.String, java.lang.String, java.lang.String, java.lang.String)[pri:1, instance:tests.RegisterPageTest@12b0404f]" name="UserShouldNotBeAbleToRegisterWithInvalidData" duration-ms="2438" started-at="2022-08-16T20:29:42Z" data-provider="InvalidRegistrationData" finished-at="2022-08-16T20:29:44Z">
          <params>
            <param index="0">
              <value>
                <![CDATA[User does not re-enter Password]]>
              </value>
            </param>
            <param index="1">
              <value>
                <![CDATA[tom]]>
              </value>
            </param>
            <param index="2">
              <value>
                <![CDATA[01Mynumpy]]>
              </value>
            </param>
            <param index="3">
              <value>
                <![CDATA[]]>
              </value>
            </param>
          </params>
          <reporter-output>
          </reporter-output>
        </test-method> <!-- UserShouldNotBeAbleToRegisterWithInvalidData -->
        <test-method status="PASS" signature="tearDown(org.testng.ITestResult, java.lang.String)[pri:0, instance:tests.RegisterPageTest@12b0404f]" name="tearDown" is-config="true" duration-ms="1" started-at="2022-08-16T20:29:44Z" finished-at="2022-08-16T20:29:44Z">
          <params>
            <param index="0">
              <value>
                <![CDATA[[TestResult name=UserShouldNotBeAbleToRegisterWithInvalidData status=SUCCESS method=RegisterPageTest.UserShouldNotBeAbleToRegisterWithInvalidData(java.lang.String, java.lang.String, java.lang.String, java.lang.String)[pri:1, instance:tests.RegisterPageTest@12b0404f] output={null}]]]>
              </value>
            </param>
            <param index="1">
              <value>
                <![CDATA[chrome]]>
              </value>
            </param>
          </params>
          <reporter-output>
          </reporter-output>
        </test-method> <!-- tearDown -->
        <test-method status="PASS" signature="UserShouldNotBeAbleToRegisterWithInvalidData(java.lang.String, java.lang.String, java.lang.String, java.lang.String)[pri:1, instance:tests.RegisterPageTest@12b0404f]" name="UserShouldNotBeAbleToRegisterWithInvalidData" duration-ms="2568" started-at="2022-08-16T20:29:44Z" data-provider="InvalidRegistrationData" finished-at="2022-08-16T20:29:47Z">
          <params>
            <param index="0">
              <value>
                <![CDATA[User enters Invalid Username]]>
              </value>
            </param>
            <param index="1">
              <value>
                <![CDATA[!!##]]>
              </value>
            </param>
            <param index="2">
              <value>
                <![CDATA[01Mynumpy]]>
              </value>
            </param>
            <param index="3">
              <value>
                <![CDATA[01Mynumpy]]>
              </value>
            </param>
          </params>
          <reporter-output>
          </reporter-output>
        </test-method> <!-- UserShouldNotBeAbleToRegisterWithInvalidData -->
        <test-method status="PASS" signature="tearDown(org.testng.ITestResult, java.lang.String)[pri:0, instance:tests.RegisterPageTest@12b0404f]" name="tearDown" is-config="true" duration-ms="1" started-at="2022-08-16T20:29:47Z" finished-at="2022-08-16T20:29:47Z">
          <params>
            <param index="0">
              <value>
                <![CDATA[[TestResult name=UserShouldNotBeAbleToRegisterWithInvalidData status=SUCCESS method=RegisterPageTest.UserShouldNotBeAbleToRegisterWithInvalidData(java.lang.String, java.lang.String, java.lang.String, java.lang.String)[pri:1, instance:tests.RegisterPageTest@12b0404f] output={null}]]]>
              </value>
            </param>
            <param index="1">
              <value>
                <![CDATA[chrome]]>
              </value>
            </param>
          </params>
          <reporter-output>
          </reporter-output>
        </test-method> <!-- tearDown -->
        <test-method status="PASS" signature="UserShouldNotBeAbleToRegisterWithInvalidData(java.lang.String, java.lang.String, java.lang.String, java.lang.String)[pri:1, instance:tests.RegisterPageTest@12b0404f]" name="UserShouldNotBeAbleToRegisterWithInvalidData" duration-ms="2636" started-at="2022-08-16T20:29:47Z" data-provider="InvalidRegistrationData" finished-at="2022-08-16T20:29:49Z">
          <params>
            <param index="0">
              <value>
                <![CDATA[User enters incorrect password while Re-entering password]]>
              </value>
            </param>
            <param index="1">
              <value>
                <![CDATA[tom]]>
              </value>
            </param>
            <param index="2">
              <value>
                <![CDATA[01Mynumpy]]>
              </value>
            </param>
            <param index="3">
              <value>
                <![CDATA[01Mynnumpy]]>
              </value>
            </param>
          </params>
          <reporter-output>
          </reporter-output>
        </test-method> <!-- UserShouldNotBeAbleToRegisterWithInvalidData -->
        <test-method status="PASS" signature="tearDown(org.testng.ITestResult, java.lang.String)[pri:0, instance:tests.RegisterPageTest@12b0404f]" name="tearDown" is-config="true" duration-ms="1" started-at="2022-08-16T20:29:49Z" finished-at="2022-08-16T20:29:49Z">
          <params>
            <param index="0">
              <value>
                <![CDATA[[TestResult name=UserShouldNotBeAbleToRegisterWithInvalidData status=SUCCESS method=RegisterPageTest.UserShouldNotBeAbleToRegisterWithInvalidData(java.lang.String, java.lang.String, java.lang.String, java.lang.String)[pri:1, instance:tests.RegisterPageTest@12b0404f] output={null}]]]>
              </value>
            </param>
            <param index="1">
              <value>
                <![CDATA[chrome]]>
              </value>
            </param>
          </params>
          <reporter-output>
          </reporter-output>
        </test-method> <!-- tearDown -->
        <test-method status="PASS" signature="UserShouldNotBeAbleToRegisterWithInvalidData(java.lang.String, java.lang.String, java.lang.String, java.lang.String)[pri:1, instance:tests.RegisterPageTest@12b0404f]" name="UserShouldNotBeAbleToRegisterWithInvalidData" duration-ms="2897" started-at="2022-08-16T20:29:49Z" data-provider="InvalidRegistrationData" finished-at="2022-08-16T20:29:52Z">
          <params>
            <param index="0">
              <value>
                <![CDATA[User enters InvalidPassword(less than 8 characters )]]>
              </value>
            </param>
            <param index="1">
              <value>
                <![CDATA[tom]]>
              </value>
            </param>
            <param index="2">
              <value>
                <![CDATA[01Numpy]]>
              </value>
            </param>
            <param index="3">
              <value>
                <![CDATA[01Numpy]]>
              </value>
            </param>
          </params>
          <reporter-output>
          </reporter-output>
        </test-method> <!-- UserShouldNotBeAbleToRegisterWithInvalidData -->
        <test-method status="PASS" signature="tearDown(org.testng.ITestResult, java.lang.String)[pri:0, instance:tests.RegisterPageTest@12b0404f]" name="tearDown" is-config="true" duration-ms="0" started-at="2022-08-16T20:29:52Z" finished-at="2022-08-16T20:29:52Z">
          <params>
            <param index="0">
              <value>
                <![CDATA[[TestResult name=UserShouldNotBeAbleToRegisterWithInvalidData status=SUCCESS method=RegisterPageTest.UserShouldNotBeAbleToRegisterWithInvalidData(java.lang.String, java.lang.String, java.lang.String, java.lang.String)[pri:1, instance:tests.RegisterPageTest@12b0404f] output={null}]]]>
              </value>
            </param>
            <param index="1">
              <value>
                <![CDATA[chrome]]>
              </value>
            </param>
          </params>
          <reporter-output>
          </reporter-output>
        </test-method> <!-- tearDown -->
        <test-method status="PASS" signature="UserShouldNotBeAbleToRegisterWithInvalidData(java.lang.String, java.lang.String, java.lang.String, java.lang.String)[pri:1, instance:tests.RegisterPageTest@12b0404f]" name="UserShouldNotBeAbleToRegisterWithInvalidData" duration-ms="2627" started-at="2022-08-16T20:29:52Z" data-provider="InvalidRegistrationData" finished-at="2022-08-16T20:29:55Z">
          <params>
            <param index="0">
              <value>
                <![CDATA[User enters Invalid Password(Only numerics)]]>
              </value>
            </param>
            <param index="1">
              <value>
                <![CDATA[tom]]>
              </value>
            </param>
            <param index="2">
              <value>
                <![CDATA[12345]]>
              </value>
            </param>
            <param index="3">
              <value>
                <![CDATA[12345]]>
              </value>
            </param>
          </params>
          <reporter-output>
          </reporter-output>
        </test-method> <!-- UserShouldNotBeAbleToRegisterWithInvalidData -->
        <test-method status="PASS" signature="tearDown(org.testng.ITestResult, java.lang.String)[pri:0, instance:tests.RegisterPageTest@12b0404f]" name="tearDown" is-config="true" duration-ms="0" started-at="2022-08-16T20:29:55Z" finished-at="2022-08-16T20:29:55Z">
          <params>
            <param index="0">
              <value>
                <![CDATA[[TestResult name=UserShouldNotBeAbleToRegisterWithInvalidData status=SUCCESS method=RegisterPageTest.UserShouldNotBeAbleToRegisterWithInvalidData(java.lang.String, java.lang.String, java.lang.String, java.lang.String)[pri:1, instance:tests.RegisterPageTest@12b0404f] output={null}]]]>
              </value>
            </param>
            <param index="1">
              <value>
                <![CDATA[chrome]]>
              </value>
            </param>
          </params>
          <reporter-output>
          </reporter-output>
        </test-method> <!-- tearDown -->
        <test-method status="PASS" signature="UserShouldNotBeAbleToRegisterWithInvalidData(java.lang.String, java.lang.String, java.lang.String, java.lang.String)[pri:1, instance:tests.RegisterPageTest@12b0404f]" name="UserShouldNotBeAbleToRegisterWithInvalidData" duration-ms="2403" started-at="2022-08-16T20:29:55Z" data-provider="InvalidRegistrationData" finished-at="2022-08-16T20:29:57Z">
          <params>
            <param index="0">
              <value>
                <![CDATA[User does not enter UserName ]]>
              </value>
            </param>
            <param index="1">
              <value>
                <![CDATA[]]>
              </value>
            </param>
            <param index="2">
              <value>
                <![CDATA[01Myninja]]>
              </value>
            </param>
            <param index="3">
              <value>
                <![CDATA[01Myninja]]>
              </value>
            </param>
          </params>
          <reporter-output>
          </reporter-output>
        </test-method> <!-- UserShouldNotBeAbleToRegisterWithInvalidData -->
        <test-method status="PASS" signature="tearDown(org.testng.ITestResult, java.lang.String)[pri:0, instance:tests.RegisterPageTest@12b0404f]" name="tearDown" is-config="true" duration-ms="1" started-at="2022-08-16T20:29:57Z" finished-at="2022-08-16T20:29:57Z">
          <params>
            <param index="0">
              <value>
                <![CDATA[[TestResult name=UserShouldNotBeAbleToRegisterWithInvalidData status=SUCCESS method=RegisterPageTest.UserShouldNotBeAbleToRegisterWithInvalidData(java.lang.String, java.lang.String, java.lang.String, java.lang.String)[pri:1, instance:tests.RegisterPageTest@12b0404f] output={null}]]]>
              </value>
            </param>
            <param index="1">
              <value>
                <![CDATA[chrome]]>
              </value>
            </param>
          </params>
          <reporter-output>
          </reporter-output>
        </test-method> <!-- tearDown -->
        <test-method status="PASS" signature="UserShouldNotBeAbleToRegisterWithInvalidData(java.lang.String, java.lang.String, java.lang.String, java.lang.String)[pri:1, instance:tests.RegisterPageTest@12b0404f]" name="UserShouldNotBeAbleToRegisterWithInvalidData" duration-ms="2329" started-at="2022-08-16T20:29:57Z" data-provider="InvalidRegistrationData" finished-at="2022-08-16T20:29:59Z">
          <params>
            <param index="0">
              <value>
                <![CDATA[User enters All fields Empty]]>
              </value>
            </param>
            <param index="1">
              <value>
                <![CDATA[]]>
              </value>
            </param>
            <param index="2">
              <value>
                <![CDATA[]]>
              </value>
            </param>
            <param index="3">
              <value>
                <![CDATA[]]>
              </value>
            </param>
          </params>
          <reporter-output>
          </reporter-output>
        </test-method> <!-- UserShouldNotBeAbleToRegisterWithInvalidData -->
        <test-method status="PASS" signature="tearDown(org.testng.ITestResult, java.lang.String)[pri:0, instance:tests.RegisterPageTest@12b0404f]" name="tearDown" is-config="true" duration-ms="0" started-at="2022-08-16T20:29:59Z" finished-at="2022-08-16T20:29:59Z">
          <params>
            <param index="0">
              <value>
                <![CDATA[[TestResult name=UserShouldNotBeAbleToRegisterWithInvalidData status=SUCCESS method=RegisterPageTest.UserShouldNotBeAbleToRegisterWithInvalidData(java.lang.String, java.lang.String, java.lang.String, java.lang.String)[pri:1, instance:tests.RegisterPageTest@12b0404f] output={null}]]]>
              </value>
            </param>
            <param index="1">
              <value>
                <![CDATA[chrome]]>
              </value>
            </param>
          </params>
          <reporter-output>
          </reporter-output>
        </test-method> <!-- tearDown -->
        <test-method status="PASS" signature="UserIsSuccessfullyAbleToRegister()[pri:2, instance:tests.RegisterPageTest@12b0404f]" name="UserIsSuccessfullyAbleToRegister" duration-ms="3840" started-at="2022-08-16T20:29:59Z" finished-at="2022-08-16T20:30:03Z">
          <reporter-output>
          </reporter-output>
        </test-method> <!-- UserIsSuccessfullyAbleToRegister -->
        <test-method status="PASS" signature="tearDown(org.testng.ITestResult, java.lang.String)[pri:0, instance:tests.RegisterPageTest@12b0404f]" name="tearDown" is-config="true" duration-ms="0" started-at="2022-08-16T20:30:03Z" finished-at="2022-08-16T20:30:03Z">
          <params>
            <param index="0">
              <value>
                <![CDATA[[TestResult name=UserIsSuccessfullyAbleToRegister status=SUCCESS method=RegisterPageTest.UserIsSuccessfullyAbleToRegister()[pri:2, instance:tests.RegisterPageTest@12b0404f] output={null}]]]>
              </value>
            </param>
            <param index="1">
              <value>
                <![CDATA[chrome]]>
              </value>
            </param>
          </params>
          <reporter-output>
          </reporter-output>
        </test-method> <!-- tearDown -->
        <test-method status="PASS" signature="endReport()[pri:0, instance:tests.RegisterPageTest@12b0404f]" name="endReport" is-config="true" duration-ms="792" started-at="2022-08-16T20:30:03Z" finished-at="2022-08-16T20:30:04Z">
          <reporter-output>
          </reporter-output>
        </test-method> <!-- endReport -->
      </class> <!-- tests.RegisterPageTest -->
    </test> <!-- Register Page Test -->
    <test name=" TestCase1" duration-ms="8014" started-at="2022-08-16T20:30:04Z" finished-at="2022-08-16T20:30:12Z">
      <class name="tests.SignInPageTest">
        <test-method status="PASS" signature="setExtent()[pri:0, instance:tests.SignInPageTest@5dd6264]" name="setExtent" is-config="true" duration-ms="327" started-at="2022-08-16T20:29:27Z" finished-at="2022-08-16T20:29:28Z">
          <reporter-output>
          </reporter-output>
        </test-method> <!-- setExtent -->
        <test-method status="PASS" signature="setBrowser(java.lang.String)[pri:0, instance:tests.SignInPageTest@5dd6264]" name="setBrowser" is-config="true" duration-ms="2068" started-at="2022-08-16T20:30:04Z" finished-at="2022-08-16T20:30:06Z">
          <params>
            <param index="0">
              <value>
                <![CDATA[chrome]]>
              </value>
            </param>
          </params>
          <reporter-output>
          </reporter-output>
        </test-method> <!-- setBrowser -->
        <test-method status="PASS" signature="setUp()[pri:0, instance:tests.SignInPageTest@5dd6264]" name="setUp" is-config="true" duration-ms="652" started-at="2022-08-16T20:30:06Z" finished-at="2022-08-16T20:30:07Z">
          <reporter-output>
          </reporter-output>
        </test-method> <!-- setUp -->
        <test-method status="PASS" signature="UserShouldNotBeAbleToLoginWithInvalidLoginCredentials(java.lang.String, java.lang.String, java.lang.String)[pri:1, instance:tests.SignInPageTest@5dd6264]" name="UserShouldNotBeAbleToLoginWithInvalidLoginCredentials" duration-ms="378" started-at="2022-08-16T20:30:07Z" data-provider="InvalidLoginData" finished-at="2022-08-16T20:30:08Z">
          <params>
            <param index="0">
              <value>
                <![CDATA[Password is Blank]]>
              </value>
            </param>
            <param index="1">
              <value>
                <![CDATA[jram]]>
              </value>
            </param>
            <param index="2">
              <value>
                <![CDATA[]]>
              </value>
            </param>
          </params>
          <reporter-output>
          </reporter-output>
        </test-method> <!-- UserShouldNotBeAbleToLoginWithInvalidLoginCredentials -->
        <test-method status="PASS" signature="tearDown(org.testng.ITestResult, java.lang.String)[pri:0, instance:tests.SignInPageTest@5dd6264]" name="tearDown" is-config="true" duration-ms="0" started-at="2022-08-16T20:30:08Z" finished-at="2022-08-16T20:30:08Z">
          <params>
            <param index="0">
              <value>
                <![CDATA[[TestResult name=UserShouldNotBeAbleToLoginWithInvalidLoginCredentials status=SUCCESS method=SignInPageTest.UserShouldNotBeAbleToLoginWithInvalidLoginCredentials(java.lang.String, java.lang.String, java.lang.String)[pri:1, instance:tests.SignInPageTest@5dd6264] output={null}]]]>
              </value>
            </param>
            <param index="1">
              <value>
                <![CDATA[chrome]]>
              </value>
            </param>
          </params>
          <reporter-output>
          </reporter-output>
        </test-method> <!-- tearDown -->
        <test-method status="PASS" signature="UserShouldNotBeAbleToLoginWithInvalidLoginCredentials(java.lang.String, java.lang.String, java.lang.String)[pri:1, instance:tests.SignInPageTest@5dd6264]" name="UserShouldNotBeAbleToLoginWithInvalidLoginCredentials" duration-ms="659" started-at="2022-08-16T20:30:08Z" data-provider="InvalidLoginData" finished-at="2022-08-16T20:30:08Z">
          <params>
            <param index="0">
              <value>
                <![CDATA[Invalid Password]]>
              </value>
            </param>
            <param index="1">
              <value>
                <![CDATA[jram]]>
              </value>
            </param>
            <param index="2">
              <value>
                <![CDATA[02Numpy!!]]>
              </value>
            </param>
          </params>
          <reporter-output>
          </reporter-output>
        </test-method> <!-- UserShouldNotBeAbleToLoginWithInvalidLoginCredentials -->
        <test-method status="PASS" signature="tearDown(org.testng.ITestResult, java.lang.String)[pri:0, instance:tests.SignInPageTest@5dd6264]" name="tearDown" is-config="true" duration-ms="0" started-at="2022-08-16T20:30:08Z" finished-at="2022-08-16T20:30:08Z">
          <params>
            <param index="0">
              <value>
                <![CDATA[[TestResult name=UserShouldNotBeAbleToLoginWithInvalidLoginCredentials status=SUCCESS method=SignInPageTest.UserShouldNotBeAbleToLoginWithInvalidLoginCredentials(java.lang.String, java.lang.String, java.lang.String)[pri:1, instance:tests.SignInPageTest@5dd6264] output={null}]]]>
              </value>
            </param>
            <param index="1">
              <value>
                <![CDATA[chrome]]>
              </value>
            </param>
          </params>
          <reporter-output>
          </reporter-output>
        </test-method> <!-- tearDown -->
        <test-method status="PASS" signature="UserShouldNotBeAbleToLoginWithInvalidLoginCredentials(java.lang.String, java.lang.String, java.lang.String)[pri:1, instance:tests.SignInPageTest@5dd6264]" name="UserShouldNotBeAbleToLoginWithInvalidLoginCredentials" duration-ms="653" started-at="2022-08-16T20:30:08Z" data-provider="InvalidLoginData" finished-at="2022-08-16T20:30:09Z">
          <params>
            <param index="0">
              <value>
                <![CDATA[Invalid Username & Password]]>
              </value>
            </param>
            <param index="1">
              <value>
                <![CDATA[jjram]]>
              </value>
            </param>
            <param index="2">
              <value>
                <![CDATA[02Numpy!!]]>
              </value>
            </param>
          </params>
          <reporter-output>
          </reporter-output>
        </test-method> <!-- UserShouldNotBeAbleToLoginWithInvalidLoginCredentials -->
        <test-method status="PASS" signature="tearDown(org.testng.ITestResult, java.lang.String)[pri:0, instance:tests.SignInPageTest@5dd6264]" name="tearDown" is-config="true" duration-ms="1" started-at="2022-08-16T20:30:09Z" finished-at="2022-08-16T20:30:09Z">
          <params>
            <param index="0">
              <value>
                <![CDATA[[TestResult name=UserShouldNotBeAbleToLoginWithInvalidLoginCredentials status=SUCCESS method=SignInPageTest.UserShouldNotBeAbleToLoginWithInvalidLoginCredentials(java.lang.String, java.lang.String, java.lang.String)[pri:1, instance:tests.SignInPageTest@5dd6264] output={null}]]]>
              </value>
            </param>
            <param index="1">
              <value>
                <![CDATA[chrome]]>
              </value>
            </param>
          </params>
          <reporter-output>
          </reporter-output>
        </test-method> <!-- tearDown -->
        <test-method status="PASS" signature="UserShouldNotBeAbleToLoginWithInvalidLoginCredentials(java.lang.String, java.lang.String, java.lang.String)[pri:1, instance:tests.SignInPageTest@5dd6264]" name="UserShouldNotBeAbleToLoginWithInvalidLoginCredentials" duration-ms="650" started-at="2022-08-16T20:30:09Z" data-provider="InvalidLoginData" finished-at="2022-08-16T20:30:10Z">
          <params>
            <param index="0">
              <value>
                <![CDATA[Invalid Username]]>
              </value>
            </param>
            <param index="1">
              <value>
                <![CDATA[jjram]]>
              </value>
            </param>
            <param index="2">
              <value>
                <![CDATA[01Numpy!!]]>
              </value>
            </param>
          </params>
          <reporter-output>
          </reporter-output>
        </test-method> <!-- UserShouldNotBeAbleToLoginWithInvalidLoginCredentials -->
        <test-method status="PASS" signature="tearDown(org.testng.ITestResult, java.lang.String)[pri:0, instance:tests.SignInPageTest@5dd6264]" name="tearDown" is-config="true" duration-ms="1" started-at="2022-08-16T20:30:10Z" finished-at="2022-08-16T20:30:10Z">
          <params>
            <param index="0">
              <value>
                <![CDATA[[TestResult name=UserShouldNotBeAbleToLoginWithInvalidLoginCredentials status=SUCCESS method=SignInPageTest.UserShouldNotBeAbleToLoginWithInvalidLoginCredentials(java.lang.String, java.lang.String, java.lang.String)[pri:1, instance:tests.SignInPageTest@5dd6264] output={null}]]]>
              </value>
            </param>
            <param index="1">
              <value>
                <![CDATA[chrome]]>
              </value>
            </param>
          </params>
          <reporter-output>
          </reporter-output>
        </test-method> <!-- tearDown -->
        <test-method status="PASS" signature="UserShouldNotBeAbleToLoginWithInvalidLoginCredentials(java.lang.String, java.lang.String, java.lang.String)[pri:1, instance:tests.SignInPageTest@5dd6264]" name="UserShouldNotBeAbleToLoginWithInvalidLoginCredentials" duration-ms="363" started-at="2022-08-16T20:30:10Z" data-provider="InvalidLoginData" finished-at="2022-08-16T20:30:10Z">
          <params>
            <param index="0">
              <value>
                <![CDATA[Username is Blank]]>
              </value>
            </param>
            <param index="1">
              <value>
                <![CDATA[]]>
              </value>
            </param>
            <param index="2">
              <value>
                <![CDATA[01Numpy!!]]>
              </value>
            </param>
          </params>
          <reporter-output>
          </reporter-output>
        </test-method> <!-- UserShouldNotBeAbleToLoginWithInvalidLoginCredentials -->
        <test-method status="PASS" signature="tearDown(org.testng.ITestResult, java.lang.String)[pri:0, instance:tests.SignInPageTest@5dd6264]" name="tearDown" is-config="true" duration-ms="1" started-at="2022-08-16T20:30:10Z" finished-at="2022-08-16T20:30:10Z">
          <params>
            <param index="0">
              <value>
                <![CDATA[[TestResult name=UserShouldNotBeAbleToLoginWithInvalidLoginCredentials status=SUCCESS method=SignInPageTest.UserShouldNotBeAbleToLoginWithInvalidLoginCredentials(java.lang.String, java.lang.String, java.lang.String)[pri:1, instance:tests.SignInPageTest@5dd6264] output={null}]]]>
              </value>
            </param>
            <param index="1">
              <value>
                <![CDATA[chrome]]>
              </value>
            </param>
          </params>
          <reporter-output>
          </reporter-output>
        </test-method> <!-- tearDown -->
        <test-method status="PASS" signature="UserShouldNotBeAbleToLoginWithInvalidLoginCredentials(java.lang.String, java.lang.String, java.lang.String)[pri:1, instance:tests.SignInPageTest@5dd6264]" name="UserShouldNotBeAbleToLoginWithInvalidLoginCredentials" duration-ms="301" started-at="2022-08-16T20:30:10Z" data-provider="InvalidLoginData" finished-at="2022-08-16T20:30:10Z">
          <params>
            <param index="0">
              <value>
                <![CDATA[Username & Password is Blank]]>
              </value>
            </param>
            <param index="1">
              <value>
                <![CDATA[]]>
              </value>
            </param>
            <param index="2">
              <value>
                <![CDATA[]]>
              </value>
            </param>
          </params>
          <reporter-output>
          </reporter-output>
        </test-method> <!-- UserShouldNotBeAbleToLoginWithInvalidLoginCredentials -->
        <test-method status="PASS" signature="tearDown(org.testng.ITestResult, java.lang.String)[pri:0, instance:tests.SignInPageTest@5dd6264]" name="tearDown" is-config="true" duration-ms="0" started-at="2022-08-16T20:30:10Z" finished-at="2022-08-16T20:30:10Z">
          <params>
            <param index="0">
              <value>
                <![CDATA[[TestResult name=UserShouldNotBeAbleToLoginWithInvalidLoginCredentials status=SUCCESS method=SignInPageTest.UserShouldNotBeAbleToLoginWithInvalidLoginCredentials(java.lang.String, java.lang.String, java.lang.String)[pri:1, instance:tests.SignInPageTest@5dd6264] output={null}]]]>
              </value>
            </param>
            <param index="1">
              <value>
                <![CDATA[chrome]]>
              </value>
            </param>
          </params>
          <reporter-output>
          </reporter-output>
        </test-method> <!-- tearDown -->
        <test-method status="PASS" signature="validUserShouldBeAbleToLogin()[pri:2, instance:tests.SignInPageTest@5dd6264]" name="validUserShouldBeAbleToLogin" duration-ms="859" started-at="2022-08-16T20:30:10Z" finished-at="2022-08-16T20:30:11Z">
          <reporter-output>
          </reporter-output>
        </test-method> <!-- validUserShouldBeAbleToLogin -->
        <test-method status="PASS" signature="tearDown(org.testng.ITestResult, java.lang.String)[pri:0, instance:tests.SignInPageTest@5dd6264]" name="tearDown" is-config="true" duration-ms="1" started-at="2022-08-16T20:30:11Z" finished-at="2022-08-16T20:30:11Z">
          <params>
            <param index="0">
              <value>
                <![CDATA[[TestResult name=validUserShouldBeAbleToLogin status=SUCCESS method=SignInPageTest.validUserShouldBeAbleToLogin()[pri:2, instance:tests.SignInPageTest@5dd6264] output={null}]]]>
              </value>
            </param>
            <param index="1">
              <value>
                <![CDATA[chrome]]>
              </value>
            </param>
          </params>
          <reporter-output>
          </reporter-output>
        </test-method> <!-- tearDown -->
        <test-method status="PASS" signature="UserShouldSignOutSuccessfullyAfterLogin()[pri:3, instance:tests.SignInPageTest@5dd6264]" name="UserShouldSignOutSuccessfullyAfterLogin" duration-ms="312" started-at="2022-08-16T20:30:11Z" finished-at="2022-08-16T20:30:11Z">
          <reporter-output>
          </reporter-output>
        </test-method> <!-- UserShouldSignOutSuccessfullyAfterLogin -->
        <test-method status="PASS" signature="tearDown(org.testng.ITestResult, java.lang.String)[pri:0, instance:tests.SignInPageTest@5dd6264]" name="tearDown" is-config="true" duration-ms="1" started-at="2022-08-16T20:30:11Z" finished-at="2022-08-16T20:30:11Z">
          <params>
            <param index="0">
              <value>
                <![CDATA[[TestResult name=UserShouldSignOutSuccessfullyAfterLogin status=SUCCESS method=SignInPageTest.UserShouldSignOutSuccessfullyAfterLogin()[pri:3, instance:tests.SignInPageTest@5dd6264] output={null}]]]>
              </value>
            </param>
            <param index="1">
              <value>
                <![CDATA[chrome]]>
              </value>
            </param>
          </params>
          <reporter-output>
          </reporter-output>
        </test-method> <!-- tearDown -->
        <test-method status="PASS" signature="endReport()[pri:0, instance:tests.SignInPageTest@5dd6264]" name="endReport" is-config="true" duration-ms="738" started-at="2022-08-16T20:30:11Z" finished-at="2022-08-16T20:30:12Z">
          <reporter-output>
          </reporter-output>
        </test-method> <!-- endReport -->
      </class> <!-- tests.SignInPageTest -->
    </test> <!--  TestCase1 -->
  </suite> <!-- DS Algo Basics -->
</testng-results>
