<?xml version="1.0" encoding="UTF-8"?>
<!-- Generated by org.testng.reporters.JUnitReportReporter -->
<testsuite skipped="0" hostname="DESKTOP-C6SQIIN" name="tests.HomePageTest" tests="14" failures="1" timestamp="16 Aug 2022 20:30:12 GMT" time="3.674" errors="0">
  <testcase name="UserShouldBeAbleToOpenDSPortalPage" time="0.090" classname="tests.HomePageTest"/>
  <testcase name="UserShouldBeAbleToOpenHomePage" time="0.611" classname="tests.HomePageTest"/>
  <testcase name="UserShouldbeAbleToSeePanesForDataStructures" time="0.030" classname="tests.HomePageTest"/>
  <testcase name="UserShouldGetAlertWhenClickGetStartedIntroductionButton" time="0.329" classname="tests.HomePageTest"/>
  <testcase name="UserShouldGetAlertWhenClicksArrayGetStartedButton" time="0.286" classname="tests.HomePageTest"/>
  <testcase name="UserShouldGetAlertWhenClicksLinkedListGetStartedButton" time="0.296" classname="tests.HomePageTest"/>
  <testcase name="UserShouldGetAlertWhenClicksStackGetStartedButton" time="0.323" classname="tests.HomePageTest">
    <failure type="java.lang.AssertionError" message="Alert message is not Displayed expected [You are not loged in] but found [You are not logged in]">
      <![CDATA[java.lang.AssertionError: Alert message is not Displayed expected [You are not loged in] but found [You are not logged in]
at org.testng.Assert.fail(Assert.java:96)
at org.testng.Assert.failNotEquals(Assert.java:776)
at org.testng.Assert.assertEqualsImpl(Assert.java:137)
at org.testng.Assert.assertEquals(Assert.java:118)
at org.testng.Assert.assertEquals(Assert.java:453)
at tests.HomePageTest.UserShouldGetAlertWhenClicksStackGetStartedButton(HomePageTest.java:99)
at sun.reflect.NativeMethodAccessorImpl.invoke0(Native Method)
at sun.reflect.NativeMethodAccessorImpl.invoke(NativeMethodAccessorImpl.java:62)
at sun.reflect.DelegatingMethodAccessorImpl.invoke(DelegatingMethodAccessorImpl.java:43)
at java.lang.reflect.Method.invoke(Method.java:498)
at org.testng.internal.MethodInvocationHelper.invokeMethod(MethodInvocationHelper.java:124)
at org.testng.internal.Invoker.invokeMethod(Invoker.java:583)
at org.testng.internal.Invoker.invokeTestMethod(Invoker.java:719)
at org.testng.internal.Invoker.invokeTestMethods(Invoker.java:989)
at org.testng.internal.TestMethodWorker.invokeTestMethods(TestMethodWorker.java:125)
at org.testng.internal.TestMethodWorker.run(TestMethodWorker.java:109)
at org.testng.TestRunner.privateRun(TestRunner.java:648)
at org.testng.TestRunner.run(TestRunner.java:505)
at org.testng.SuiteRunner.runTest(SuiteRunner.java:455)
at org.testng.SuiteRunner.runSequentially(SuiteRunner.java:450)
at org.testng.SuiteRunner.privateRun(SuiteRunner.java:415)
at org.testng.SuiteRunner.run(SuiteRunner.java:364)
at org.testng.SuiteRunnerWorker.runSuite(SuiteRunnerWorker.java:52)
at org.testng.SuiteRunnerWorker.run(SuiteRunnerWorker.java:84)
at org.testng.TestNG.runSuitesSequentially(TestNG.java:1208)
at org.testng.TestNG.runSuitesLocally(TestNG.java:1137)
at org.testng.TestNG.runSuites(TestNG.java:1049)
at org.testng.TestNG.run(TestNG.java:1017)
at org.testng.remote.AbstractRemoteTestNG.run(AbstractRemoteTestNG.java:115)
at org.testng.remote.RemoteTestNG.initAndRun(RemoteTestNG.java:251)
at org.testng.remote.RemoteTestNG.main(RemoteTestNG.java:77)
]]>
    </failure>
  </testcase> <!-- UserShouldGetAlertWhenClicksStackGetStartedButton -->
  <testcase name="UserShouldGetAlertWhenClicksQueueGetStartedButton" time="0.312" classname="tests.HomePageTest"/>
  <testcase name="UserShouldGetAlertWhenClicksTreeGetStartedButton" time="0.293" classname="tests.HomePageTest"/>
  <testcase name="UserShouldGetAlertWhenClicksGraphGetStartedButton" time="0.307" classname="tests.HomePageTest"/>
  <testcase name="UserShouldBeAbleToClickAndViewDropDownItems" time="0.124" classname="tests.HomePageTest"/>
  <testcase name="UserShouldGetAlertWhenSelectArrayItemFromDropDown" time="0.302" classname="tests.HomePageTest"/>
  <testcase name="UserShouldBeAbleToGotoSignInPage" time="0.183" classname="tests.HomePageTest"/>
  <testcase name="UserShouldBeAbleToRegister" time="0.188" classname="tests.HomePageTest"/>
</testsuite> <!-- tests.HomePageTest -->
