<?xml version="1.0" encoding="UTF-8"?>
<!-- Generated by org.testng.reporters.JUnitReportReporter -->
<testsuite skipped="0" hostname="DESKTOP-C6SQIIN" name="tests.HomePageTest" tests="14" failures="1" timestamp="16 Aug 2022 22:26:05 GMT" time="3.981" errors="0">
  <testcase name="UserShouldBeAbleToOpenDSPortalPage" time="0.075" classname="tests.HomePageTest"/>
  <testcase name="UserShouldBeAbleToOpenHomePage" time="0.781" classname="tests.HomePageTest"/>
  <testcase name="UserShouldbeAbleToSeePanesForDataStructures" time="0.036" classname="tests.HomePageTest"/>
  <testcase name="UserShouldGetAlertWhenClickGetStartedIntroductionButton" time="0.319" classname="tests.HomePageTest"/>
  <testcase name="UserShouldGetAlertWhenClicksArrayGetStartedButton" time="0.331" classname="tests.HomePageTest"/>
  <testcase name="UserShouldGetAlertWhenClicksLinkedListGetStartedButton" time="0.262" classname="tests.HomePageTest"/>
  <testcase name="UserShouldGetAlertWhenClicksStackGetStartedButton" time="0.274" classname="tests.HomePageTest">
    <failure type="java.lang.AssertionError" message="Alert message is not Displayed expected [You are not loged in] but found [You are not logged in]">
      <![CDATA[java.lang.AssertionError: Alert message is not Displayed expected [You are not loged in] but found [You are not logged in]
at org.testng.Assert.fail(Assert.java:96)
at org.testng.Assert.failNotEquals(Assert.java:776)
at org.testng.Assert.assertEqualsImpl(Assert.java:137)
at org.testng.Assert.assertEquals(Assert.java:118)
at org.testng.Assert.assertEquals(Assert.java:453)
at tests.HomePageTest.UserShouldGetAlertWhenClicksStackGetStartedButton(HomePageTest.java:99)
at sun.reflect.NativeMethodAccessorImpl.invoke0(Native Method)
at sun.reflect.NativeMethodAccessorImpl.invoke(NativeMethodAccessorImpl.java:62)
at sun.reflect.DelegatingMethodAccessorImpl.invoke(DelegatingMethodAccessorImpl.java:43)
at java.lang.reflect.Method.invoke(Method.java:498)
at org.testng.internal.MethodInvocationHelper.invokeMethod(MethodInvocationHelper.java:124)
at org.testng.internal.Invoker.invokeMethod(Invoker.java:583)
at org.testng.internal.Invoker.invokeTestMethod(Invoker.java:719)
at org.testng.internal.Invoker.invokeTestMethods(Invoker.java:989)
at org.testng.internal.TestMethodWorker.invokeTestMethods(TestMethodWorker.java:125)
at org.testng.internal.TestMethodWorker.run(TestMethodWorker.java:109)
at org.testng.TestRunner.privateRun(TestRunner.java:648)
at org.testng.TestRunner.run(TestRunner.java:505)
at org.testng.SuiteRunner.runTest(SuiteRunner.java:455)
at org.testng.SuiteRunner.runSequentially(SuiteRunner.java:450)
at org.testng.SuiteRunner.privateRun(SuiteRunner.java:415)
at org.testng.SuiteRunner.run(SuiteRunner.java:364)
at org.testng.SuiteRunnerWorker.runSuite(SuiteRunnerWorker.java:52)
at org.testng.SuiteRunnerWorker.run(SuiteRunnerWorker.java:84)
at org.testng.TestNG.runSuitesSequentially(TestNG.java:1208)
at org.testng.TestNG.runSuitesLocally(TestNG.java:1137)
at org.testng.TestNG.runSuites(TestNG.java:1049)
at org.testng.TestNG.run(TestNG.java:1017)
at org.apache.maven.surefire.testng.TestNGExecutor.run(TestNGExecutor.java:281)
at org.apache.maven.surefire.testng.TestNGXmlTestSuite.execute(TestNGXmlTestSuite.java:75)
at org.apache.maven.surefire.testng.TestNGProvider.invoke(TestNGProvider.java:121)
at org.apache.maven.surefire.booter.ForkedBooter.invokeProviderInSameClassLoader(ForkedBooter.java:290)
at org.apache.maven.surefire.booter.ForkedBooter.runSuitesInProcess(ForkedBooter.java:242)
at org.apache.maven.surefire.booter.ForkedBooter.main(ForkedBooter.java:121)
]]>
    </failure>
  </testcase> <!-- UserShouldGetAlertWhenClicksStackGetStartedButton -->
  <testcase name="UserShouldGetAlertWhenClicksQueueGetStartedButton" time="0.321" classname="tests.HomePageTest"/>
  <testcase name="UserShouldGetAlertWhenClicksTreeGetStartedButton" time="0.301" classname="tests.HomePageTest"/>
  <testcase name="UserShouldGetAlertWhenClicksGraphGetStartedButton" time="0.326" classname="tests.HomePageTest"/>
  <testcase name="UserShouldBeAbleToClickAndViewDropDownItems" time="0.098" classname="tests.HomePageTest"/>
  <testcase name="UserShouldGetAlertWhenSelectArrayItemFromDropDown" time="0.504" classname="tests.HomePageTest"/>
  <testcase name="UserShouldBeAbleToGotoSignInPage" time="0.171" classname="tests.HomePageTest"/>
  <testcase name="UserShouldBeAbleToRegister" time="0.182" classname="tests.HomePageTest"/>
</testsuite> <!-- tests.HomePageTest -->
